#
# There is insufficient memory for the Java Runtime Environment to continue.
# Native memory allocation (mmap) failed to map 65536 bytes for Failed to commit metaspace.
# Possible reasons:
#   The system is out of physical RAM or swap space
#   The process is running with CompressedOops enabled, and the Java Heap may be blocking the growth of the native heap
# Possible solutions:
#   Reduce memory load on the system
#   Increase physical memory or swap space
#   Check if swap backing store is full
#   Decrease Java heap size (-Xmx/-Xms)
#   Decrease number of Java threads
#   Decrease Java thread stack sizes (-Xss)
#   Set larger code cache with -XX:ReservedCodeCacheSize=
#   JVM is running with Unscaled Compressed Oops mode in which the Java heap is
#     placed in the first 4GB address space. The Java Heap base address is the
#     maximum limit for the native heap growth. Please use -XX:HeapBaseMinAddress
#     to set the Java Heap base and to place the Java Heap above 4GB virtual address.
# This output file may be truncated or incomplete.
#
#  Out of Memory Error (virtualSpaceNode.cpp:110), pid=7420, tid=11320
#
# JRE version: OpenJDK Runtime Environment Temurin-17.0.4.1+1 (17.0.4.1+1) (build 17.0.4.1+1)
# Java VM: OpenJDK 64-Bit Server VM Temurin-17.0.4.1+1 (17.0.4.1+1, mixed mode, tiered, compressed oops, compressed class ptrs, parallel gc, windows-amd64)
# No core dump will be written. Minidumps are not enabled by default on client versions of Windows
#

---------------  S U M M A R Y ------------

Command Line: --add-modules=ALL-SYSTEM --add-opens=java.base/java.util=ALL-UNNAMED --add-opens=java.base/java.lang=ALL-UNNAMED --add-opens=java.base/sun.nio.fs=ALL-UNNAMED -Declipse.application=org.eclipse.jdt.ls.core.id1 -Dosgi.bundles.defaultStartLevel=4 -Declipse.product=org.eclipse.jdt.ls.core.product -Djava.import.generatesMetadataFilesAtProjectRoot=false -Dfile.encoding=utf8 -XX:+UseParallelGC -XX:GCTimeRatio=4 -XX:AdaptiveSizePolicyWeight=90 -Dsun.zip.disableMemoryMapping=true -Xmx1G -Xms100m -Xlog:disable -javaagent:c:\Users\WINDOWS 10\.vscode\extensions\redhat.java-1.12.0-win32-x64\lombok\lombok-1.18.24.jar -XX:+HeapDumpOnOutOfMemoryError -XX:HeapDumpPath=c:\Users\WINDOWS 10\AppData\Roaming\Code\User\workspaceStorage\6dc8f0c997d0f2d9e8ceb7b8c25e560c\redhat.java c:\Users\WINDOWS 10\.vscode\extensions\redhat.java-1.12.0-win32-x64\server\plugins\org.eclipse.equinox.launcher_1.6.400.v20210924-0641.jar -configuration c:\Users\WINDOWS 10\AppData\Roaming\Code\User\globalStorage\redhat.java\1.12.0\config_win -data c:\Users\WINDOWS 10\AppData\Roaming\Code\User\workspaceStorage\6dc8f0c997d0f2d9e8ceb7b8c25e560c\redhat.java\jdt_ws

Host: Intel(R) Core(TM) i3-2100 CPU @ 3.10GHz, 4 cores, 1G,  Windows 10 , 64 bit Build 19041 (10.0.19041.2251)
Time: Tue Nov 22 15:12:27 2022 Hora oficial do Brasil elapsed time: 13.294094 seconds (0d 0h 0m 13s)

---------------  T H R E A D  ---------------

Current thread (0x0000019dc8ae8bd0):  JavaThread "pool-1-thread-1" [_thread_in_vm, id=11320, stack(0x000000670bc00000,0x000000670bd00000)]

Stack: [0x000000670bc00000,0x000000670bd00000]
Native frames: (J=compiled Java code, j=interpreted, Vv=VM code, C=native code)
V  [jvm.dll+0x67731a]
V  [jvm.dll+0x832284]
V  [jvm.dll+0x833a2e]
V  [jvm.dll+0x834093]
V  [jvm.dll+0x245775]
V  [jvm.dll+0x82e22b]
V  [jvm.dll+0x61bdf6]
V  [jvm.dll+0x1c07be]
V  [jvm.dll+0x61e741]
V  [jvm.dll+0x61c796]
V  [jvm.dll+0x23b216]
V  [jvm.dll+0x1eafbd]
V  [jvm.dll+0x1e09f1]
V  [jvm.dll+0x53c910]
V  [jvm.dll+0x7ad138]
V  [jvm.dll+0x7ad224]
V  [jvm.dll+0x40ccd5]
V  [jvm.dll+0x412ec8]
C  [java.dll+0x17ec]

Java frames: (J=compiled Java code, j=interpreted, Vv=VM code)
J 1066  java.lang.ClassLoader.defineClass1(Ljava/lang/ClassLoader;Ljava/lang/String;[BIILjava/security/ProtectionDomain;Ljava/lang/String;)Ljava/lang/Class; java.base@17.0.4.1 (0 bytes) @ 0x0000019dbcf6dedb [0x0000019dbcf6de20+0x00000000000000bb]
j  java.lang.System$2.defineClass(Ljava/lang/ClassLoader;Ljava/lang/String;[BLjava/security/ProtectionDomain;Ljava/lang/String;)Ljava/lang/Class;+10 java.base@17.0.4.1
j  jdk.internal.reflect.ClassDefiner.defineClass(Ljava/lang/String;[BIILjava/lang/ClassLoader;)Ljava/lang/Class;+27 java.base@17.0.4.1
j  jdk.internal.reflect.MethodAccessorGenerator$1.run()Ljdk/internal/reflect/MagicAccessorImpl;+21 java.base@17.0.4.1
j  jdk.internal.reflect.MethodAccessorGenerator$1.run()Ljava/lang/Object;+1 java.base@17.0.4.1
J 1805 c1 java.security.AccessController.doPrivileged(Ljava/security/PrivilegedAction;)Ljava/lang/Object; java.base@17.0.4.1 (9 bytes) @ 0x0000019db5d4413c [0x0000019db5d43fe0+0x000000000000015c]
j  jdk.internal.reflect.MethodAccessorGenerator.generate(Ljava/lang/Class;Ljava/lang/String;[Ljava/lang/Class;Ljava/lang/Class;[Ljava/lang/Class;IZZLjava/lang/Class;)Ljdk/internal/reflect/MagicAccessorImpl;+755 java.base@17.0.4.1
j  jdk.internal.reflect.MethodAccessorGenerator.generateConstructor(Ljava/lang/Class;[Ljava/lang/Class;[Ljava/lang/Class;I)Ljdk/internal/reflect/ConstructorAccessor;+14 java.base@17.0.4.1
J 2340 c1 jdk.internal.reflect.NativeConstructorAccessorImpl.newInstance([Ljava/lang/Object;)Ljava/lang/Object; java.base@17.0.4.1 (122 bytes) @ 0x0000019db5e8d074 [0x0000019db5e8c8e0+0x0000000000000794]
J 873 c1 jdk.internal.reflect.DelegatingConstructorAccessorImpl.newInstance([Ljava/lang/Object;)Ljava/lang/Object; java.base@17.0.4.1 (9 bytes) @ 0x0000019db5b62bbc [0x0000019db5b62ac0+0x00000000000000fc]
J 871 c1 java.lang.reflect.Constructor.newInstanceWithCaller([Ljava/lang/Object;ZLjava/lang/Class;)Ljava/lang/Object; java.base@17.0.4.1 (76 bytes) @ 0x0000019db5b62154 [0x0000019db5b61f00+0x0000000000000254]
J 3625 c1 java.lang.reflect.Proxy.newProxyInstance(Ljava/lang/Class;Ljava/lang/reflect/Constructor;Ljava/lang/reflect/InvocationHandler;)Ljava/lang/Object; java.base@17.0.4.1 (75 bytes) @ 0x0000019db612109c [0x0000019db6120ce0+0x00000000000003bc]
J 3623 c1 java.lang.reflect.Proxy.newProxyInstance(Ljava/lang/ClassLoader;[Ljava/lang/Class;Ljava/lang/reflect/InvocationHandler;)Ljava/lang/Object; java.base@17.0.4.1 (35 bytes) @ 0x0000019db611e9b4 [0x0000019db611e780+0x0000000000000234]
J 3691 c1 sun.reflect.annotation.AnnotationParser$1.run()Ljava/lang/annotation/Annotation; java.base@17.0.4.1 (40 bytes) @ 0x0000019db61409bc [0x0000019db613ff80+0x0000000000000a3c]
J 3598 c1 sun.reflect.annotation.AnnotationParser.parseAnnotation2(Ljava/nio/ByteBuffer;Ljdk/internal/reflect/ConstantPool;Ljava/lang/Class;Z[Ljava/lang/Class;)Ljava/lang/annotation/Annotation; java.base@17.0.4.1 (271 bytes) @ 0x0000019db610bb4c [0x0000019db610a920+0x000000000000122c]
J 3680 c1 sun.reflect.annotation.AnnotationParser.parseAnnotations2([BLjdk/internal/reflect/ConstantPool;Ljava/lang/Class;[Ljava/lang/Class;)Ljava/util/Map; java.base@17.0.4.1 (135 bytes) @ 0x0000019db613c3bc [0x0000019db613c060+0x000000000000035c]
J 3145 c1 sun.reflect.annotation.AnnotationParser.parseAnnotations([BLjdk/internal/reflect/ConstantPool;Ljava/lang/Class;)Ljava/util/Map; java.base@17.0.4.1 (37 bytes) @ 0x0000019db602d5ec [0x0000019db602d500+0x00000000000000ec]
J 3622 c1 java.lang.reflect.Field.declaredAnnotations()Ljava/util/Map; java.base@17.0.4.1 (82 bytes) @ 0x0000019db611e0c4 [0x0000019db611de00+0x00000000000002c4]
J 3622 c1 java.lang.reflect.Field.declaredAnnotations()Ljava/util/Map; java.base@17.0.4.1 (82 bytes) @ 0x0000019db611df64 [0x0000019db611de00+0x0000000000000164]
J 3724 c1 java.lang.reflect.Field.getAnnotation(Ljava/lang/Class;)Ljava/lang/annotation/Annotation; java.base@17.0.4.1 (23 bytes) @ 0x0000019db615158c [0x0000019db61514a0+0x00000000000000ec]
j  com.google.gson.internal.bind.ReflectiveTypeAdapterFactory.getFieldNames(Ljava/lang/reflect/Field;)Ljava/util/List;+3
j  com.google.gson.internal.bind.ReflectiveTypeAdapterFactory.getBoundFields(Lcom/google/gson/Gson;Lcom/google/gson/reflect/TypeToken;Ljava/lang/Class;)Ljava/util/Map;+121
j  com.google.gson.internal.bind.ReflectiveTypeAdapterFactory.create(Lcom/google/gson/Gson;Lcom/google/gson/reflect/TypeToken;)Lcom/google/gson/TypeAdapter;+36
J 4000 c1 com.google.gson.Gson.getAdapter(Lcom/google/gson/reflect/TypeToken;)Lcom/google/gson/TypeAdapter; (257 bytes) @ 0x0000019db61dfb2c [0x0000019db61df7c0+0x000000000000036c]
j  com.google.gson.Gson.toJson(Ljava/lang/Object;Ljava/lang/reflect/Type;Lcom/google/gson/stream/JsonWriter;)V+5
j  org.eclipse.lsp4j.jsonrpc.json.adapters.MessageTypeAdapter.write(Lcom/google/gson/stream/JsonWriter;Lorg/eclipse/lsp4j/jsonrpc/messages/Message;)V+218
j  org.eclipse.lsp4j.jsonrpc.json.adapters.MessageTypeAdapter.write(Lcom/google/gson/stream/JsonWriter;Ljava/lang/Object;)V+6
j  com.google.gson.Gson.toJson(Ljava/lang/Object;Ljava/lang/reflect/Type;Lcom/google/gson/stream/JsonWriter;)V+53
j  com.google.gson.Gson.toJson(Ljava/lang/Object;Ljava/lang/reflect/Type;Ljava/lang/Appendable;)V+15
j  org.eclipse.lsp4j.jsonrpc.json.MessageJsonHandler.serialize(Lorg/eclipse/lsp4j/jsonrpc/messages/Message;Ljava/io/Writer;)V+8
j  org.eclipse.lsp4j.jsonrpc.json.MessageJsonHandler.serialize(Lorg/eclipse/lsp4j/jsonrpc/messages/Message;)Ljava/lang/String;+11
j  org.eclipse.lsp4j.jsonrpc.json.StreamMessageConsumer.consume(Lorg/eclipse/lsp4j/jsonrpc/messages/Message;)V+5
j  org.eclipse.jdt.ls.core.internal.ParentProcessWatcher.lambda$0(Lorg/eclipse/lsp4j/jsonrpc/MessageConsumer;Lorg/eclipse/lsp4j/jsonrpc/messages/Message;)V+9
j  org.eclipse.jdt.ls.core.internal.ParentProcessWatcher$$Lambda$180+0x00000001004896b0.consume(Lorg/eclipse/lsp4j/jsonrpc/messages/Message;)V+9
j  org.eclipse.lsp4j.jsonrpc.RemoteEndpoint.lambda$handleRequest$1(Lorg/eclipse/lsp4j/jsonrpc/messages/RequestMessage;Ljava/lang/Object;)V+10
j  org.eclipse.lsp4j.jsonrpc.RemoteEndpoint$$Lambda$208+0x00000001004ba8c8.accept(Ljava/lang/Object;)V+9
j  java.util.concurrent.CompletableFuture.uniAcceptNow(Ljava/lang/Object;Ljava/util/concurrent/Executor;Ljava/util/function/Consumer;)Ljava/util/concurrent/CompletableFuture;+73 java.base@17.0.4.1
j  java.util.concurrent.CompletableFuture.uniAcceptStage(Ljava/util/concurrent/Executor;Ljava/util/function/Consumer;)Ljava/util/concurrent/CompletableFuture;+25 java.base@17.0.4.1
j  java.util.concurrent.CompletableFuture.thenAccept(Ljava/util/function/Consumer;)Ljava/util/concurrent/CompletableFuture;+3 java.base@17.0.4.1
j  org.eclipse.lsp4j.jsonrpc.RemoteEndpoint.handleRequest(Lorg/eclipse/lsp4j/jsonrpc/messages/RequestMessage;)V+126
j  org.eclipse.lsp4j.jsonrpc.RemoteEndpoint.consume(Lorg/eclipse/lsp4j/jsonrpc/messages/Message;)V+34
j  org.eclipse.jdt.ls.core.internal.ParentProcessWatcher.lambda$0(Lorg/eclipse/lsp4j/jsonrpc/MessageConsumer;Lorg/eclipse/lsp4j/jsonrpc/messages/Message;)V+9
j  org.eclipse.jdt.ls.core.internal.ParentProcessWatcher$$Lambda$180+0x00000001004896b0.consume(Lorg/eclipse/lsp4j/jsonrpc/messages/Message;)V+9
j  org.eclipse.lsp4j.jsonrpc.json.StreamMessageProducer.handleMessage(Ljava/io/InputStream;Lorg/eclipse/lsp4j/jsonrpc/json/StreamMessageProducer$Headers;)Z+99
j  org.eclipse.lsp4j.jsonrpc.json.StreamMessageProducer.listen(Lorg/eclipse/lsp4j/jsonrpc/MessageConsumer;)V+158
j  org.eclipse.lsp4j.jsonrpc.json.ConcurrentMessageProcessor.run()V+12
j  java.util.concurrent.Executors$RunnableAdapter.call()Ljava/lang/Object;+4 java.base@17.0.4.1
j  java.util.concurrent.FutureTask.run()V+39 java.base@17.0.4.1
j  java.util.concurrent.ThreadPoolExecutor.runWorker(Ljava/util/concurrent/ThreadPoolExecutor$Worker;)V+92 java.base@17.0.4.1
j  java.util.concurrent.ThreadPoolExecutor$Worker.run()V+5 java.base@17.0.4.1
j  java.lang.Thread.run()V+11 java.base@17.0.4.1
v  ~StubRoutines::call_stub

---------------  P R O C E S S  ---------------

Threads class SMR info:
_java_thread_list=0x0000019dcbbfe050, length=26, elements={
0x0000019db279f8d0, 0x0000019dc65bdb70, 0x0000019dc65bf070, 0x0000019dc65dcbd0,
0x0000019dc65dd850, 0x0000019dc65df3e0, 0x0000019dc65e0e10, 0x0000019dc6602d10,
0x0000019dc663d130, 0x0000019dc7f1af80, 0x0000019dc7fc5010, 0x0000019dc81f0260,
0x0000019dc84ca8a0, 0x0000019dc8895020, 0x0000019dc88954f0, 0x0000019dc8826c30,
0x0000019dc88e38d0, 0x0000019dc89d17e0, 0x0000019dc8ae6550, 0x0000019dc8ae6ef0,
0x0000019dc8ae73c0, 0x0000019dc8ae7890, 0x0000019dc8ae90a0, 0x0000019dc8ae6a20,
0x0000019dc8ae8700, 0x0000019dc8ae8bd0
}

Java Threads: ( => current thread )
  0x0000019db279f8d0 JavaThread "main" [_thread_blocked, id=9052, stack(0x0000006709b00000,0x0000006709c00000)]
  0x0000019dc65bdb70 JavaThread "Reference Handler" daemon [_thread_blocked, id=4452, stack(0x0000006709e00000,0x0000006709f00000)]
  0x0000019dc65bf070 JavaThread "Finalizer" daemon [_thread_blocked, id=2696, stack(0x0000006709f00000,0x000000670a000000)]
  0x0000019dc65dcbd0 JavaThread "Signal Dispatcher" daemon [_thread_blocked, id=4904, stack(0x000000670a000000,0x000000670a100000)]
  0x0000019dc65dd850 JavaThread "Attach Listener" daemon [_thread_blocked, id=7360, stack(0x000000670a100000,0x000000670a200000)]
  0x0000019dc65df3e0 JavaThread "Service Thread" daemon [_thread_blocked, id=400, stack(0x000000670a200000,0x000000670a300000)]
  0x0000019dc65e0e10 JavaThread "Monitor Deflation Thread" daemon [_thread_blocked, id=124, stack(0x000000670a300000,0x000000670a400000)]
  0x0000019dc6602d10 JavaThread "C2 CompilerThread0" daemon [_thread_blocked, id=5584, stack(0x000000670a400000,0x000000670a500000)]
  0x0000019dc663d130 JavaThread "C1 CompilerThread0" daemon [_thread_blocked, id=1648, stack(0x000000670a500000,0x000000670a600000)]
  0x0000019dc7f1af80 JavaThread "Sweeper thread" daemon [_thread_blocked, id=11952, stack(0x000000670a600000,0x000000670a700000)]
  0x0000019dc7fc5010 JavaThread "Common-Cleaner" daemon [_thread_blocked, id=5988, stack(0x000000670a700000,0x000000670a800000)]
  0x0000019dc81f0260 JavaThread "Notification Thread" daemon [_thread_blocked, id=11668, stack(0x000000670a800000,0x000000670a900000)]
  0x0000019dc84ca8a0 JavaThread "Active Thread: Equinox Container: 9020c1d0-4946-4a91-93fb-acb9edcea352" [_thread_blocked, id=4916, stack(0x000000670ad00000,0x000000670ae00000)]
  0x0000019dc8895020 JavaThread "Framework Event Dispatcher: Equinox Container: 9020c1d0-4946-4a91-93fb-acb9edcea352" daemon [_thread_blocked, id=4620, stack(0x000000670ae00000,0x000000670af00000)]
  0x0000019dc88954f0 JavaThread "Start Level: Equinox Container: 9020c1d0-4946-4a91-93fb-acb9edcea352" daemon [_thread_blocked, id=5104, stack(0x000000670af00000,0x000000670b000000)]
  0x0000019dc8826c30 JavaThread "SCR Component Actor" daemon [_thread_blocked, id=7580, stack(0x000000670b000000,0x000000670b100000)]
  0x0000019dc88e38d0 JavaThread "SCR Component Registry" daemon [_thread_blocked, id=12196, stack(0x000000670b100000,0x000000670b200000)]
  0x0000019dc89d17e0 JavaThread "Worker-JM" [_thread_blocked, id=5408, stack(0x000000670b200000,0x000000670b300000)]
  0x0000019dc8ae6550 JavaThread "Worker-0: Initialize Workspace" [_thread_blocked, id=1760, stack(0x000000670b300000,0x000000670b400000)]
  0x0000019dc8ae6ef0 JavaThread "Worker-1" [_thread_blocked, id=9840, stack(0x000000670b400000,0x000000670b500000)]
  0x0000019dc8ae73c0 JavaThread "Worker-2: Repository registry initialization" [_thread_in_vm, id=10696, stack(0x000000670b500000,0x000000670b600000)]
  0x0000019dc8ae7890 JavaThread "Worker-3" [_thread_blocked, id=8444, stack(0x000000670b600000,0x000000670b700000)]
  0x0000019dc8ae90a0 JavaThread "Java indexing" daemon [_thread_blocked, id=8548, stack(0x000000670b700000,0x000000670b800000)]
  0x0000019dc8ae6a20 JavaThread "JNA Cleaner" daemon [_thread_blocked, id=464, stack(0x000000670b800000,0x000000670b900000)]
  0x0000019dc8ae8700 JavaThread "pool-2-thread-1" [_thread_blocked, id=9848, stack(0x000000670bb00000,0x000000670bc00000)]
=>0x0000019dc8ae8bd0 JavaThread "pool-1-thread-1" [_thread_in_vm, id=11320, stack(0x000000670bc00000,0x000000670bd00000)]

Other Threads:
  0x0000019dc64dcea0 VMThread "VM Thread" [stack: 0x0000006709d00000,0x0000006709e00000] [id=8840]
  0x0000019dc81f0980 WatcherThread [stack: 0x000000670a900000,0x000000670aa00000] [id=5984]
  0x0000019db27b4940 GCTaskThread "GC Thread#0" [stack: 0x0000006709c00000,0x0000006709d00000] [id=9596]
  0x0000019dc8419330 GCTaskThread "GC Thread#1" [stack: 0x000000670aa00000,0x000000670ab00000] [id=3776]
  0x0000019dc82de070 GCTaskThread "GC Thread#2" [stack: 0x000000670ab00000,0x000000670ac00000] [id=9944]
  0x0000019dc82de320 GCTaskThread "GC Thread#3" [stack: 0x000000670ac00000,0x000000670ad00000] [id=4164]

Threads with active compile tasks:

VM state: not at safepoint (normal execution)

VM Mutex/Monitor currently owned by a thread:  ([mutex/lock_event])
[0x0000019db2798e60] Metaspace_lock - owner thread: 0x0000019dc8ae8bd0

Heap address: 0x00000000c0000000, size: 1024 MB, Compressed Oops mode: 32-bit

CDS archive(s) not mapped
Compressed class space mapped at: 0x0000000100000000-0x0000000140000000, reserved size: 1073741824
Narrow klass base: 0x0000000000000000, Narrow klass shift: 3, Narrow klass range: 0x140000000

GC Precious Log:
 CPUs: 4 total, 4 available
 Memory: 1942M
 Large Page Support: Disabled
 NUMA Support: Disabled
 Compressed Oops: Enabled (32-bit)
 Alignments: Space 512K, Generation 512K, Heap 2M
 Heap Min Capacity: 100M
 Heap Initial Capacity: 100M
 Heap Max Capacity: 1G
 Pre-touch: Disabled
 Parallel Workers: 4

Heap:
 PSYoungGen      total 24064K, used 22672K [0x00000000eab00000, 0x00000000ec580000, 0x0000000100000000)
  eden space 22528K, 95% used [0x00000000eab00000,0x00000000ebffc060,0x00000000ec100000)
  from space 1536K, 77% used [0x00000000ec280000,0x00000000ec3a8000,0x00000000ec400000)
  to   space 1536K, 0% used [0x00000000ec400000,0x00000000ec400000,0x00000000ec580000)
 ParOldGen       total 68608K, used 13864K [0x00000000c0000000, 0x00000000c4300000, 0x00000000eab00000)
  object space 68608K, 20% used [0x00000000c0000000,0x00000000c0d8a280,0x00000000c4300000)
 Metaspace       used 44294K, committed 45248K, reserved 1089536K
  class space    used 4780K, committed 5248K, reserved 1048576K

Card table byte_map: [0x0000019db2070000,0x0000019db2280000] _byte_map_base: 0x0000019db1a70000

Marking Bits: (ParMarkBitMap*) 0x00007ffa18032cc0
 Begin Bits: [0x0000019dc4440000, 0x0000019dc5440000)
 End Bits:   [0x0000019dc5440000, 0x0000019dc6440000)

Polling page: 0x0000019db0570000

Metaspace:

Usage:
  Non-class:     38.59 MB used.
      Class:      4.67 MB used.
       Both:     43.26 MB used.

Virtual space:
  Non-class space:       40.00 MB reserved,      39.06 MB ( 98%) committed,  5 nodes.
      Class space:        1.00 GB reserved,       5.12 MB ( <1%) committed,  1 nodes.
             Both:        1.04 GB reserved,      44.19 MB (  4%) committed. 

Chunk freelists:
   Non-Class:  318.00 KB
       Class:  2.72 MB
        Both:  3.03 MB

MaxMetaspaceSize: unlimited
CompressedClassSpaceSize: 1.00 GB
Initial GC threshold: 21.00 MB
Current GC threshold: 58.38 MB
CDS: off
MetaspaceReclaimPolicy: balanced
 - commit_granule_bytes: 65536.
 - commit_granule_words: 8192.
 - virtual_space_node_default_size: 1048576.
 - enlarge_chunks_in_place: 1.
 - new_chunks_are_fully_committed: 0.
 - uncommit_free_chunks: 1.
 - use_allocation_guard: 0.
 - handle_deallocations: 1.


Internal statistics:

num_allocs_failed_limit: 6.
num_arena_births: 544.
num_arena_deaths: 14.
num_vsnodes_births: 6.
num_vsnodes_deaths: 0.
num_space_committed: 707.
num_space_uncommitted: 0.
num_chunks_returned_to_freelist: 20.
num_chunks_taken_from_freelist: 2195.
num_chunk_merges: 10.
num_chunk_splits: 1343.
num_chunks_enlarged: 752.
num_purges: 2.
num_inconsistent_stats: 0.

CodeHeap 'non-profiled nmethods': size=120000Kb used=1763Kb max_used=1763Kb free=118236Kb
 bounds [0x0000019dbcf10000, 0x0000019dbd180000, 0x0000019dc4440000]
CodeHeap 'profiled nmethods': size=120000Kb used=9037Kb max_used=9037Kb free=110962Kb
 bounds [0x0000019db59e0000, 0x0000019db62c0000, 0x0000019dbcf10000]
CodeHeap 'non-nmethods': size=5760Kb used=1268Kb max_used=1320Kb free=4491Kb
 bounds [0x0000019db5440000, 0x0000019db56b0000, 0x0000019db59e0000]
 total_blobs=4983 nmethods=4394 adapters=503
 compilation: enabled
              stopped_count=0, restarted_count=0
 full_count=0

Compilation events (20 events):
Event: 13.247 Thread 0x0000019dc663d130 4407       3       java.util.Formatter$Flags::contains (22 bytes)
Event: 13.247 Thread 0x0000019dc663d130 nmethod 4407 0x0000019db62a8390 code [0x0000019db62a8520, 0x0000019db62a86d8]
Event: 13.247 Thread 0x0000019dc663d130 4404   !   3       java.util.regex.Pattern::matcher (44 bytes)
Event: 13.248 Thread 0x0000019dc663d130 nmethod 4404 0x0000019db62a8790 code [0x0000019db62a8940, 0x0000019db62a8c98]
Event: 13.248 Thread 0x0000019dc663d130 4408       3       java.util.regex.Matcher::getTextLength (10 bytes)
Event: 13.248 Thread 0x0000019dc663d130 nmethod 4408 0x0000019db62a8e10 code [0x0000019db62a8fc0, 0x0000019db62a9188]
Event: 13.248 Thread 0x0000019dc663d130 4409       3       java.util.Collections::singletonList (9 bytes)
Event: 13.248 Thread 0x0000019dc663d130 nmethod 4409 0x0000019db62a9290 code [0x0000019db62a9440, 0x0000019db62a9718]
Event: 13.248 Thread 0x0000019dc663d130 4410       3       java.util.Collections$SingletonList::<init> (10 bytes)
Event: 13.249 Thread 0x0000019dc663d130 nmethod 4410 0x0000019db62a9890 code [0x0000019db62a9a40, 0x0000019db62a9c98]
Event: 13.249 Thread 0x0000019dc663d130 4411       3       java.lang.WeakPairMap$Pair$Weak::first (5 bytes)
Event: 13.249 Thread 0x0000019dc663d130 nmethod 4411 0x0000019db62a9d90 code [0x0000019db62a9f20, 0x0000019db62aa0b8]
Event: 13.251 Thread 0x0000019dc663d130 4412       3       java.lang.Class::getMethod (59 bytes)
Event: 13.252 Thread 0x0000019dc663d130 nmethod 4412 0x0000019db62aa190 code [0x0000019db62aa440, 0x0000019db62aafe8]
Event: 13.253 Thread 0x0000019dc6602d10 nmethod 4396 0x0000019dbd0c0f10 code [0x0000019dbd0c1140, 0x0000019dbd0c2190]
Event: 13.253 Thread 0x0000019dc6602d10 4397   !   4       java.util.zip.InflaterInputStream::read (138 bytes)
Event: 13.256 Thread 0x0000019dc663d130 4414       3       java.util.Properties$LineReader::readLine (584 bytes)
Event: 13.260 Thread 0x0000019dc663d130 nmethod 4414 0x0000019db62ab510 code [0x0000019db62ab8e0, 0x0000019db62ae3b8]
Event: 13.260 Thread 0x0000019dc663d130 4415 %     3       java.util.Properties::loadConvert @ 8 (540 bytes)
Event: 13.262 Thread 0x0000019dc663d130 nmethod 4415% 0x0000019db62af090 code [0x0000019db62af380, 0x0000019db62b08b8]

GC Heap History (20 events):
Event: 6.771 GC heap before
{Heap before GC invocations=4 (full 0):
 PSYoungGen      total 29696K, used 12315K [0x00000000eab00000, 0x00000000ecc00000, 0x0000000100000000)
  eden space 25600K, 32% used [0x00000000eab00000,0x00000000eb30ec00,0x00000000ec400000)
  from space 4096K, 99% used [0x00000000ec400000,0x00000000ec7f81e8,0x00000000ec800000)
  to   space 4096K, 0% used [0x00000000ec800000,0x00000000ec800000,0x00000000ecc00000)
 ParOldGen       total 68608K, used 3669K [0x00000000c0000000, 0x00000000c4300000, 0x00000000eab00000)
  object space 68608K, 5% used [0x00000000c0000000,0x00000000c03954f0,0x00000000c4300000)
 Metaspace       used 21136K, committed 21504K, reserved 1073152K
  class space    used 2147K, committed 2304K, reserved 1048576K
}
Event: 6.779 GC heap after
{Heap after GC invocations=4 (full 0):
 PSYoungGen      total 29696K, used 4071K [0x00000000eab00000, 0x00000000ecc00000, 0x0000000100000000)
  eden space 25600K, 0% used [0x00000000eab00000,0x00000000eab00000,0x00000000ec400000)
  from space 4096K, 99% used [0x00000000ec800000,0x00000000ecbf9da0,0x00000000ecc00000)
  to   space 4096K, 0% used [0x00000000ec400000,0x00000000ec400000,0x00000000ec800000)
 ParOldGen       total 68608K, used 3981K [0x00000000c0000000, 0x00000000c4300000, 0x00000000eab00000)
  object space 68608K, 5% used [0x00000000c0000000,0x00000000c03e34f0,0x00000000c4300000)
 Metaspace       used 21136K, committed 21504K, reserved 1073152K
  class space    used 2147K, committed 2304K, reserved 1048576K
}
Event: 6.779 GC heap before
{Heap before GC invocations=5 (full 1):
 PSYoungGen      total 29696K, used 4071K [0x00000000eab00000, 0x00000000ecc00000, 0x0000000100000000)
  eden space 25600K, 0% used [0x00000000eab00000,0x00000000eab00000,0x00000000ec400000)
  from space 4096K, 99% used [0x00000000ec800000,0x00000000ecbf9da0,0x00000000ecc00000)
  to   space 4096K, 0% used [0x00000000ec400000,0x00000000ec400000,0x00000000ec800000)
 ParOldGen       total 68608K, used 3981K [0x00000000c0000000, 0x00000000c4300000, 0x00000000eab00000)
  object space 68608K, 5% used [0x00000000c0000000,0x00000000c03e34f0,0x00000000c4300000)
 Metaspace       used 21136K, committed 21504K, reserved 1073152K
  class space    used 2147K, committed 2304K, reserved 1048576K
}
Event: 6.822 GC heap after
{Heap after GC invocations=5 (full 1):
 PSYoungGen      total 29696K, used 0K [0x00000000eab00000, 0x00000000ecc00000, 0x0000000100000000)
  eden space 25600K, 0% used [0x00000000eab00000,0x00000000eab00000,0x00000000ec400000)
  from space 4096K, 0% used [0x00000000ec800000,0x00000000ec800000,0x00000000ecc00000)
  to   space 4096K, 0% used [0x00000000ec400000,0x00000000ec400000,0x00000000ec800000)
 ParOldGen       total 68608K, used 7922K [0x00000000c0000000, 0x00000000c4300000, 0x00000000eab00000)
  object space 68608K, 11% used [0x00000000c0000000,0x00000000c07bc960,0x00000000c4300000)
 Metaspace       used 21123K, committed 21504K, reserved 1073152K
  class space    used 2143K, committed 2304K, reserved 1048576K
}
Event: 9.025 GC heap before
{Heap before GC invocations=6 (full 1):
 PSYoungGen      total 29696K, used 25600K [0x00000000eab00000, 0x00000000ecc00000, 0x0000000100000000)
  eden space 25600K, 100% used [0x00000000eab00000,0x00000000ec400000,0x00000000ec400000)
  from space 4096K, 0% used [0x00000000ec800000,0x00000000ec800000,0x00000000ecc00000)
  to   space 4096K, 0% used [0x00000000ec400000,0x00000000ec400000,0x00000000ec800000)
 ParOldGen       total 68608K, used 7922K [0x00000000c0000000, 0x00000000c4300000, 0x00000000eab00000)
  object space 68608K, 11% used [0x00000000c0000000,0x00000000c07bc960,0x00000000c4300000)
 Metaspace       used 24202K, committed 24768K, reserved 1073152K
  class space    used 2508K, committed 2752K, reserved 1048576K
}
Event: 9.029 GC heap after
{Heap after GC invocations=6 (full 1):
 PSYoungGen      total 27648K, used 2343K [0x00000000eab00000, 0x00000000eca80000, 0x0000000100000000)
  eden space 25088K, 0% used [0x00000000eab00000,0x00000000eab00000,0x00000000ec380000)
  from space 2560K, 91% used [0x00000000ec400000,0x00000000ec649cb8,0x00000000ec680000)
  to   space 3584K, 0% used [0x00000000ec700000,0x00000000ec700000,0x00000000eca80000)
 ParOldGen       total 68608K, used 7930K [0x00000000c0000000, 0x00000000c4300000, 0x00000000eab00000)
  object space 68608K, 11% used [0x00000000c0000000,0x00000000c07be960,0x00000000c4300000)
 Metaspace       used 24202K, committed 24768K, reserved 1073152K
  class space    used 2508K, committed 2752K, reserved 1048576K
}
Event: 9.677 GC heap before
{Heap before GC invocations=7 (full 1):
 PSYoungGen      total 27648K, used 27431K [0x00000000eab00000, 0x00000000eca80000, 0x0000000100000000)
  eden space 25088K, 100% used [0x00000000eab00000,0x00000000ec380000,0x00000000ec380000)
  from space 2560K, 91% used [0x00000000ec400000,0x00000000ec649cb8,0x00000000ec680000)
  to   space 3584K, 0% used [0x00000000ec700000,0x00000000ec700000,0x00000000eca80000)
 ParOldGen       total 68608K, used 7930K [0x00000000c0000000, 0x00000000c4300000, 0x00000000eab00000)
  object space 68608K, 11% used [0x00000000c0000000,0x00000000c07be960,0x00000000c4300000)
 Metaspace       used 27709K, committed 28416K, reserved 1081344K
  class space    used 2754K, committed 3072K, reserved 1048576K
}
Event: 9.679 GC heap after
{Heap after GC invocations=7 (full 1):
 PSYoungGen      total 27136K, used 2450K [0x00000000eab00000, 0x00000000ec980000, 0x0000000100000000)
  eden space 24576K, 0% used [0x00000000eab00000,0x00000000eab00000,0x00000000ec300000)
  from space 2560K, 95% used [0x00000000ec700000,0x00000000ec964908,0x00000000ec980000)
  to   space 2560K, 0% used [0x00000000ec480000,0x00000000ec480000,0x00000000ec700000)
 ParOldGen       total 68608K, used 7938K [0x00000000c0000000, 0x00000000c4300000, 0x00000000eab00000)
  object space 68608K, 11% used [0x00000000c0000000,0x00000000c07c0960,0x00000000c4300000)
 Metaspace       used 27709K, committed 28416K, reserved 1081344K
  class space    used 2754K, committed 3072K, reserved 1048576K
}
Event: 9.897 GC heap before
{Heap before GC invocations=8 (full 1):
 PSYoungGen      total 27136K, used 27026K [0x00000000eab00000, 0x00000000ec980000, 0x0000000100000000)
  eden space 24576K, 100% used [0x00000000eab00000,0x00000000ec300000,0x00000000ec300000)
  from space 2560K, 95% used [0x00000000ec700000,0x00000000ec964908,0x00000000ec980000)
  to   space 2560K, 0% used [0x00000000ec480000,0x00000000ec480000,0x00000000ec700000)
 ParOldGen       total 68608K, used 7938K [0x00000000c0000000, 0x00000000c4300000, 0x00000000eab00000)
  object space 68608K, 11% used [0x00000000c0000000,0x00000000c07c0960,0x00000000c4300000)
 Metaspace       used 30260K, committed 30912K, reserved 1081344K
  class space    used 2991K, committed 3264K, reserved 1048576K
}
Event: 9.900 GC heap after
{Heap after GC invocations=8 (full 1):
 PSYoungGen      total 26624K, used 2546K [0x00000000eab00000, 0x00000000ec980000, 0x0000000100000000)
  eden space 24064K, 0% used [0x00000000eab00000,0x00000000eab00000,0x00000000ec280000)
  from space 2560K, 99% used [0x00000000ec480000,0x00000000ec6fcab8,0x00000000ec700000)
  to   space 2560K, 0% used [0x00000000ec700000,0x00000000ec700000,0x00000000ec980000)
 ParOldGen       total 68608K, used 8663K [0x00000000c0000000, 0x00000000c4300000, 0x00000000eab00000)
  object space 68608K, 12% used [0x00000000c0000000,0x00000000c0875e10,0x00000000c4300000)
 Metaspace       used 30260K, committed 30912K, reserved 1081344K
  class space    used 2991K, committed 3264K, reserved 1048576K
}
Event: 10.849 GC heap before
{Heap before GC invocations=9 (full 1):
 PSYoungGen      total 26624K, used 26610K [0x00000000eab00000, 0x00000000ec980000, 0x0000000100000000)
  eden space 24064K, 100% used [0x00000000eab00000,0x00000000ec280000,0x00000000ec280000)
  from space 2560K, 99% used [0x00000000ec480000,0x00000000ec6fcab8,0x00000000ec700000)
  to   space 2560K, 0% used [0x00000000ec700000,0x00000000ec700000,0x00000000ec980000)
 ParOldGen       total 68608K, used 8663K [0x00000000c0000000, 0x00000000c4300000, 0x00000000eab00000)
  object space 68608K, 12% used [0x00000000c0000000,0x00000000c0875e10,0x00000000c4300000)
 Metaspace       used 33550K, committed 34304K, reserved 1081344K
  class space    used 3418K, committed 3776K, reserved 1048576K
}
Event: 10.854 GC heap after
{Heap after GC invocations=9 (full 1):
 PSYoungGen      total 26112K, used 2556K [0x00000000eab00000, 0x00000000eca00000, 0x0000000100000000)
  eden space 23552K, 0% used [0x00000000eab00000,0x00000000eab00000,0x00000000ec200000)
  from space 2560K, 99% used [0x00000000ec700000,0x00000000ec97f180,0x00000000ec980000)
  to   space 4096K, 0% used [0x00000000ec200000,0x00000000ec200000,0x00000000ec600000)
 ParOldGen       total 68608K, used 10040K [0x00000000c0000000, 0x00000000c4300000, 0x00000000eab00000)
  object space 68608K, 14% used [0x00000000c0000000,0x00000000c09ce060,0x00000000c4300000)
 Metaspace       used 33550K, committed 34304K, reserved 1081344K
  class space    used 3418K, committed 3776K, reserved 1048576K
}
Event: 11.211 GC heap before
{Heap before GC invocations=10 (full 1):
 PSYoungGen      total 26112K, used 16964K [0x00000000eab00000, 0x00000000eca00000, 0x0000000100000000)
  eden space 23552K, 61% used [0x00000000eab00000,0x00000000eb911f90,0x00000000ec200000)
  from space 2560K, 99% used [0x00000000ec700000,0x00000000ec97f180,0x00000000ec980000)
  to   space 4096K, 0% used [0x00000000ec200000,0x00000000ec200000,0x00000000ec600000)
 ParOldGen       total 68608K, used 10040K [0x00000000c0000000, 0x00000000c4300000, 0x00000000eab00000)
  object space 68608K, 14% used [0x00000000c0000000,0x00000000c09ce060,0x00000000c4300000)
 Metaspace       used 35141K, committed 35840K, reserved 1081344K
  class space    used 3634K, committed 3968K, reserved 1048576K
}
Event: 11.216 GC heap after
{Heap after GC invocations=10 (full 1):
 PSYoungGen      total 25600K, used 1898K [0x00000000eab00000, 0x00000000ec800000, 0x0000000100000000)
  eden space 23552K, 0% used [0x00000000eab00000,0x00000000eab00000,0x00000000ec200000)
  from space 2048K, 92% used [0x00000000ec200000,0x00000000ec3da908,0x00000000ec400000)
  to   space 3072K, 0% used [0x00000000ec500000,0x00000000ec500000,0x00000000ec800000)
 ParOldGen       total 68608K, used 11375K [0x00000000c0000000, 0x00000000c4300000, 0x00000000eab00000)
  object space 68608K, 16% used [0x00000000c0000000,0x00000000c0b1bc68,0x00000000c4300000)
 Metaspace       used 35141K, committed 35840K, reserved 1081344K
  class space    used 3634K, committed 3968K, reserved 1048576K
}
Event: 11.216 GC heap before
{Heap before GC invocations=11 (full 2):
 PSYoungGen      total 25600K, used 1898K [0x00000000eab00000, 0x00000000ec800000, 0x0000000100000000)
  eden space 23552K, 0% used [0x00000000eab00000,0x00000000eab00000,0x00000000ec200000)
  from space 2048K, 92% used [0x00000000ec200000,0x00000000ec3da908,0x00000000ec400000)
  to   space 3072K, 0% used [0x00000000ec500000,0x00000000ec500000,0x00000000ec800000)
 ParOldGen       total 68608K, used 11375K [0x00000000c0000000, 0x00000000c4300000, 0x00000000eab00000)
  object space 68608K, 16% used [0x00000000c0000000,0x00000000c0b1bc68,0x00000000c4300000)
 Metaspace       used 35141K, committed 35840K, reserved 1081344K
  class space    used 3634K, committed 3968K, reserved 1048576K
}
Event: 11.263 GC heap after
{Heap after GC invocations=11 (full 2):
 PSYoungGen      total 25600K, used 0K [0x00000000eab00000, 0x00000000ec800000, 0x0000000100000000)
  eden space 23552K, 0% used [0x00000000eab00000,0x00000000eab00000,0x00000000ec200000)
  from space 2048K, 0% used [0x00000000ec200000,0x00000000ec200000,0x00000000ec400000)
  to   space 3072K, 0% used [0x00000000ec500000,0x00000000ec500000,0x00000000ec800000)
 ParOldGen       total 68608K, used 12794K [0x00000000c0000000, 0x00000000c4300000, 0x00000000eab00000)
  object space 68608K, 18% used [0x00000000c0000000,0x00000000c0c7ebf8,0x00000000c4300000)
 Metaspace       used 35141K, committed 35840K, reserved 1081344K
  class space    used 3634K, committed 3968K, reserved 1048576K
}
Event: 11.798 GC heap before
{Heap before GC invocations=12 (full 2):
 PSYoungGen      total 25600K, used 23552K [0x00000000eab00000, 0x00000000ec800000, 0x0000000100000000)
  eden space 23552K, 100% used [0x00000000eab00000,0x00000000ec200000,0x00000000ec200000)
  from space 2048K, 0% used [0x00000000ec200000,0x00000000ec200000,0x00000000ec400000)
  to   space 3072K, 0% used [0x00000000ec500000,0x00000000ec500000,0x00000000ec800000)
 ParOldGen       total 68608K, used 12794K [0x00000000c0000000, 0x00000000c4300000, 0x00000000eab00000)
  object space 68608K, 18% used [0x00000000c0000000,0x00000000c0c7ebf8,0x00000000c4300000)
 Metaspace       used 38467K, committed 39360K, reserved 1089536K
  class space    used 4023K, committed 4416K, reserved 1048576K
}
Event: 11.801 GC heap after
{Heap after GC invocations=12 (full 2):
 PSYoungGen      total 24576K, used 1138K [0x00000000eab00000, 0x00000000ec680000, 0x0000000100000000)
  eden space 23040K, 0% used [0x00000000eab00000,0x00000000eab00000,0x00000000ec180000)
  from space 1536K, 74% used [0x00000000ec500000,0x00000000ec61c8a0,0x00000000ec680000)
  to   space 2048K, 0% used [0x00000000ec280000,0x00000000ec280000,0x00000000ec480000)
 ParOldGen       total 68608K, used 12802K [0x00000000c0000000, 0x00000000c4300000, 0x00000000eab00000)
  object space 68608K, 18% used [0x00000000c0000000,0x00000000c0c80bf8,0x00000000c4300000)
 Metaspace       used 38467K, committed 39360K, reserved 1089536K
  class space    used 4023K, committed 4416K, reserved 1048576K
}
Event: 12.270 GC heap before
{Heap before GC invocations=13 (full 2):
 PSYoungGen      total 24576K, used 24178K [0x00000000eab00000, 0x00000000ec680000, 0x0000000100000000)
  eden space 23040K, 100% used [0x00000000eab00000,0x00000000ec180000,0x00000000ec180000)
  from space 1536K, 74% used [0x00000000ec500000,0x00000000ec61c8a0,0x00000000ec680000)
  to   space 2048K, 0% used [0x00000000ec280000,0x00000000ec280000,0x00000000ec480000)
 ParOldGen       total 68608K, used 12802K [0x00000000c0000000, 0x00000000c4300000, 0x00000000eab00000)
  object space 68608K, 18% used [0x00000000c0000000,0x00000000c0c80bf8,0x00000000c4300000)
 Metaspace       used 41487K, committed 42368K, reserved 1089536K
  class space    used 4457K, committed 4864K, reserved 1048576K
}
Event: 12.273 GC heap after
{Heap after GC invocations=13 (full 2):
 PSYoungGen      total 24064K, used 1184K [0x00000000eab00000, 0x00000000ec580000, 0x0000000100000000)
  eden space 22528K, 0% used [0x00000000eab00000,0x00000000eab00000,0x00000000ec100000)
  from space 1536K, 77% used [0x00000000ec280000,0x00000000ec3a8000,0x00000000ec400000)
  to   space 1536K, 0% used [0x00000000ec400000,0x00000000ec400000,0x00000000ec580000)
 ParOldGen       total 68608K, used 13864K [0x00000000c0000000, 0x00000000c4300000, 0x00000000eab00000)
  object space 68608K, 20% used [0x00000000c0000000,0x00000000c0d8a280,0x00000000c4300000)
 Metaspace       used 41487K, committed 42368K, reserved 1089536K
  class space    used 4457K, committed 4864K, reserved 1048576K
}

Deoptimization events (20 events):
Event: 12.637 Thread 0x0000019dc8ae8bd0 DEOPT PACKING pc=0x0000019dbd06df68 sp=0x000000670bcfdc30
Event: 12.637 Thread 0x0000019dc8ae8bd0 DEOPT UNPACKING pc=0x0000019db54920a3 sp=0x000000670bcfdb48 mode 2
Event: 12.784 Thread 0x0000019dc8ae73c0 Uncommon trap: trap_request=0xffffff45 fr.pc=0x0000019dbd02e3dc relative=0x0000000000000c5c
Event: 12.784 Thread 0x0000019dc8ae73c0 Uncommon trap: reason=unstable_if action=reinterpret pc=0x0000019dbd02e3dc method=java.util.Properties$LineReader.readLine()I @ 182 c2
Event: 12.784 Thread 0x0000019dc8ae73c0 DEOPT PACKING pc=0x0000019dbd02e3dc sp=0x000000670b5fe4a0
Event: 12.784 Thread 0x0000019dc8ae73c0 DEOPT UNPACKING pc=0x0000019db54920a3 sp=0x000000670b5fe438 mode 2
Event: 12.793 Thread 0x0000019dc8ae73c0 Uncommon trap: trap_request=0xffffff45 fr.pc=0x0000019dbd06c090 relative=0x00000000000005d0
Event: 12.793 Thread 0x0000019dc8ae73c0 Uncommon trap: reason=unstable_if action=reinterpret pc=0x0000019dbd06c090 method=java.util.TreeMap.put(Ljava/lang/Object;Ljava/lang/Object;Z)Ljava/lang/Object; @ 27 c2
Event: 12.793 Thread 0x0000019dc8ae73c0 DEOPT PACKING pc=0x0000019dbd06c090 sp=0x000000670b5fafe0
Event: 12.793 Thread 0x0000019dc8ae73c0 DEOPT UNPACKING pc=0x0000019db54920a3 sp=0x000000670b5faf70 mode 2
Event: 13.077 Thread 0x0000019dc8ae6550 DEOPT PACKING pc=0x0000019db61f2dc0 sp=0x000000670b3fe930
Event: 13.077 Thread 0x0000019dc8ae6550 DEOPT UNPACKING pc=0x0000019db5492843 sp=0x000000670b3fde38 mode 0
Event: 13.177 Thread 0x0000019dc8ae6550 Uncommon trap: trap_request=0xffffff45 fr.pc=0x0000019dbd0bdf64 relative=0x0000000000000204
Event: 13.177 Thread 0x0000019dc8ae6550 Uncommon trap: reason=unstable_if action=reinterpret pc=0x0000019dbd0bdf64 method=com.google.gson.stream.JsonReader.nextBoolean()Z @ 16 c2
Event: 13.177 Thread 0x0000019dc8ae6550 DEOPT PACKING pc=0x0000019dbd0bdf64 sp=0x000000670b3febd0
Event: 13.177 Thread 0x0000019dc8ae6550 DEOPT UNPACKING pc=0x0000019db54920a3 sp=0x000000670b3fea18 mode 2
Event: 13.203 Thread 0x0000019dc8ae6ef0 Uncommon trap: trap_request=0xffffff45 fr.pc=0x0000019dbd04aee0 relative=0x00000000000057c0
Event: 13.203 Thread 0x0000019dc8ae6ef0 Uncommon trap: reason=unstable_if action=reinterpret pc=0x0000019dbd04aee0 method=java.util.concurrent.locks.ReentrantLock$Sync.lock()V @ 4 c2
Event: 13.204 Thread 0x0000019dc8ae6ef0 DEOPT PACKING pc=0x0000019dbd04aee0 sp=0x000000670b4fe4b0
Event: 13.204 Thread 0x0000019dc8ae6ef0 DEOPT UNPACKING pc=0x0000019db54920a3 sp=0x000000670b4fe310 mode 2

Classes unloaded (7 events):
Event: 6.786 Thread 0x0000019dc64dcea0 Unloading class 0x0000000100216800 'java/lang/invoke/LambdaForm$MH+0x0000000100216800'
Event: 6.786 Thread 0x0000019dc64dcea0 Unloading class 0x0000000100216400 'java/lang/invoke/LambdaForm$MH+0x0000000100216400'
Event: 6.786 Thread 0x0000019dc64dcea0 Unloading class 0x0000000100216000 'java/lang/invoke/LambdaForm$MH+0x0000000100216000'
Event: 6.786 Thread 0x0000019dc64dcea0 Unloading class 0x0000000100215800 'java/lang/invoke/LambdaForm$MH+0x0000000100215800'
Event: 6.786 Thread 0x0000019dc64dcea0 Unloading class 0x0000000100215400 'java/lang/invoke/LambdaForm$BMH+0x0000000100215400'
Event: 6.786 Thread 0x0000019dc64dcea0 Unloading class 0x0000000100215000 'java/lang/invoke/LambdaForm$DMH+0x0000000100215000'
Event: 6.786 Thread 0x0000019dc64dcea0 Unloading class 0x0000000100212400 'java/lang/invoke/LambdaForm$DMH+0x0000000100212400'

Classes redefined (0 events):
No events

Internal exceptions (20 events):
Event: 8.750 Thread 0x0000019dc8ae6550 Exception <a 'java/io/FileNotFoundException'{0x00000000ec175748}> (0x00000000ec175748) 
thrown [s\src\hotspot\share\prims\jni.cpp, line 516]
Event: 9.912 Thread 0x0000019dc88954f0 Exception <a 'java/lang/ClassNotFoundException'{0x00000000eab9d9d8}: com/sun/org/apache/xerces/internal/impl/msg/spi/DOMMessagesProvider> (0x00000000eab9d9d8) 
thrown [s\src\hotspot\share\classfile\systemDictionary.cpp, line 256]
Event: 9.919 Thread 0x0000019dc88954f0 Exception <a 'java/lang/ClassNotFoundException'{0x00000000eabd2c70}: com/sun/org/apache/xerces/internal/impl/msg/spi/XMLSerializerMessagesProvider> (0x00000000eabd2c70) 
thrown [s\src\hotspot\share\classfile\systemDictionary.cpp, line 256]
Event: 9.920 Thread 0x0000019dc88954f0 Exception <a 'java/lang/ClassNotFoundException'{0x00000000eac15788}: com/sun/org/apache/xerces/internal/impl/msg/spi/XMLMessagesProvider> (0x00000000eac15788) 
thrown [s\src\hotspot\share\classfile\systemDictionary.cpp, line 256]
Event: 10.217 Thread 0x0000019dc88954f0 Exception <a 'sun/nio/fs/WindowsException'{0x00000000eb2e6c98}> (0x00000000eb2e6c98) 
thrown [s\src\hotspot\share\prims\jni.cpp, line 516]
Event: 10.462 Thread 0x0000019dc88954f0 Exception <a 'java/lang/NoSuchMethodError'{0x00000000eb66ac68}: 'java.lang.Object java.lang.invoke.DirectMethodHandle$Holder.invokeStaticInit(java.lang.Object, int, int, int, int)'> (0x00000000eb66ac68) 
thrown [s\src\hotspot\share\interpreter\linkResolver.cpp, line 759]
Event: 10.654 Thread 0x0000019dc8ae73c0 Exception <a 'java/lang/NoClassDefFoundError'{0x00000000ebc7f788}: javax/enterprise/inject/Typed> (0x00000000ebc7f788) 
thrown [s\src\hotspot\share\classfile\systemDictionary.cpp, line 245]
Event: 10.812 Thread 0x0000019dc88954f0 Exception <a 'java/lang/NoSuchMethodError'{0x00000000ec1c79d8}: 'java.lang.Object java.lang.invoke.DirectMethodHandle$Holder.invokeStaticInit(java.lang.Object, java.lang.Object, int, int, int, int)'> (0x00000000ec1c79d8) 
thrown [s\src\hotspot\share\interpreter\linkResolver.cpp, line 759]
Event: 11.056 Thread 0x0000019dc88954f0 Exception <a 'java/lang/ClassNotFoundException'{0x00000000eb167918}: com/sun/org/apache/xml/internal/serializer/spi/XMLEntitiesProvider> (0x00000000eb167918) 
thrown [s\src\hotspot\share\classfile\systemDictionary.cpp, line 256]
Event: 11.310 Thread 0x0000019dc88954f0 Exception <a 'java/io/FileNotFoundException'{0x00000000ead9bc00}> (0x00000000ead9bc00) 
thrown [s\src\hotspot\share\prims\jni.cpp, line 516]
Event: 11.532 Thread 0x0000019dc88954f0 Exception <a 'java/lang/UnsatisfiedLinkError'{0x00000000eb5a96f0}: Não foi possível encontrar o procedimento especificado.
> (0x00000000eb5a96f0) 
thrown [s\src\hotspot\share\prims\jni.cpp, line 535]
Event: 11.553 Thread 0x0000019dc88954f0 Exception <a 'java/io/FileNotFoundException'{0x00000000eb5cc5d0}> (0x00000000eb5cc5d0) 
thrown [s\src\hotspot\share\prims\jni.cpp, line 516]
Event: 11.573 Thread 0x0000019dc88954f0 Exception <a 'java/io/FileNotFoundException'{0x00000000eb7d5ff8}> (0x00000000eb7d5ff8) 
thrown [s\src\hotspot\share\prims\jni.cpp, line 516]
Event: 11.625 Thread 0x0000019dc88954f0 Exception <a 'java/lang/UnsatisfiedLinkError'{0x00000000eb98bbb8}: Não foi possível encontrar o procedimento especificado.
> (0x00000000eb98bbb8) 
thrown [s\src\hotspot\share\prims\jni.cpp, line 535]
Event: 11.843 Thread 0x0000019db279f8d0 Exception <a 'java/io/FileNotFoundException'{0x00000000eacbeb28}> (0x00000000eacbeb28) 
thrown [s\src\hotspot\share\prims\jni.cpp, line 516]
Event: 11.844 Thread 0x0000019db279f8d0 Exception <a 'java/io/FileNotFoundException'{0x00000000eacc06c0}> (0x00000000eacc06c0) 
thrown [s\src\hotspot\share\prims\jni.cpp, line 516]
Event: 11.913 Thread 0x0000019db279f8d0 Exception <a 'java/lang/NoSuchMethodError'{0x00000000eb0dc7c0}: 'void java.lang.invoke.DirectMethodHandle$Holder.invokeStatic(java.lang.Object, java.lang.Object, java.lang.Object, java.lang.Object)'> (0x00000000eb0dc7c0) 
thrown [s\src\hotspot\share\interpreter\linkResolver.cpp, line 759]
Event: 12.173 Thread 0x0000019db279f8d0 Exception <a 'java/lang/NoSuchMethodError'{0x00000000ebf6e698}: 'void java.lang.invoke.DirectMethodHandle$Holder.invokeSpecial(java.lang.Object, java.lang.Object, java.lang.Object, java.lang.Object, java.lang.Object, java.lang.Object)'> (0x00000000ebf6e698) 
thrown [s\src\hotspot\share\interpreter\linkResolver.cpp, line 759]
Event: 12.508 Thread 0x0000019dc8ae73c0 Exception <a 'java/lang/NoClassDefFoundError'{0x00000000eb2ca148}: com/google/inject/servlet/ServletModuleTargetVisitor> (0x00000000eb2ca148) 
thrown [s\src\hotspot\share\classfile\systemDictionary.cpp, line 245]
Event: 12.522 Thread 0x0000019dc8ae8bd0 Exception <a 'java/io/FileNotFoundException'{0x00000000eb23c808}> (0x00000000eb23c808) 
thrown [s\src\hotspot\share\prims\jni.cpp, line 516]

VM Operations (20 events):
Event: 11.513 Executing VM operation: HandshakeAllThreads
Event: 11.513 Executing VM operation: HandshakeAllThreads done
Event: 11.705 Executing VM operation: HandshakeAllThreads
Event: 11.705 Executing VM operation: HandshakeAllThreads done
Event: 11.798 Executing VM operation: ParallelGCFailedAllocation
Event: 11.801 Executing VM operation: ParallelGCFailedAllocation done
Event: 11.849 Executing VM operation: HandshakeAllThreads
Event: 11.849 Executing VM operation: HandshakeAllThreads done
Event: 12.192 Executing VM operation: HandshakeAllThreads
Event: 12.192 Executing VM operation: HandshakeAllThreads done
Event: 12.194 Executing VM operation: HandshakeAllThreads
Event: 12.195 Executing VM operation: HandshakeAllThreads done
Event: 12.229 Executing VM operation: ParallelGCFailedAllocation
Event: 12.273 Executing VM operation: ParallelGCFailedAllocation done
Event: 12.464 Executing VM operation: HandshakeAllThreads
Event: 12.477 Executing VM operation: HandshakeAllThreads done
Event: 12.621 Executing VM operation: HandshakeAllThreads
Event: 12.621 Executing VM operation: HandshakeAllThreads done
Event: 13.024 Executing VM operation: ICBufferFull
Event: 13.034 Executing VM operation: ICBufferFull done

Events (20 events):
Event: 13.280 loading class java/lang/invoke/VarHandleInts$FieldStaticReadWrite
Event: 13.280 loading class java/lang/invoke/VarHandleInts$FieldStaticReadOnly
Event: 13.280 loading class java/lang/invoke/VarHandleInts$FieldStaticReadOnly done
Event: 13.280 loading class java/lang/invoke/VarHandleInts$FieldStaticReadWrite done
Event: 13.281 loading class java/util/concurrent/ForkJoinPool$DefaultForkJoinWorkerThreadFactory
Event: 13.281 loading class java/util/concurrent/ForkJoinPool$ForkJoinWorkerThreadFactory
Event: 13.281 loading class java/util/concurrent/ForkJoinPool$ForkJoinWorkerThreadFactory done
Event: 13.281 loading class java/util/concurrent/ForkJoinPool$DefaultForkJoinWorkerThreadFactory done
Event: 13.283 loading class java/util/concurrent/ForkJoinPool$1
Event: 13.283 loading class java/util/concurrent/ForkJoinPool$1 done
Event: 13.283 loading class java/util/concurrent/ForkJoinPool$DefaultCommonPoolForkJoinWorkerThreadFactory
Event: 13.283 loading class java/util/concurrent/ForkJoinPool$DefaultCommonPoolForkJoinWorkerThreadFactory done
Event: 13.284 loading class java/util/concurrent/ForkJoinPool$WorkQueue
Event: 13.284 loading class java/util/concurrent/ForkJoinPool$WorkQueue done
Event: 13.284 loading class java/util/concurrent/CompletableFuture$Completion
Event: 13.285 loading class java/util/concurrent/CompletableFuture$AsynchronousCompletionTask
Event: 13.286 loading class java/util/concurrent/CompletableFuture$AsynchronousCompletionTask done
Event: 13.286 loading class java/util/concurrent/ForkJoinTask
Event: 13.287 loading class java/util/concurrent/ForkJoinTask done
Event: 13.287 loading class java/util/concurrent/CompletableFuture$Completion done


Dynamic libraries:
0x00007ff6b3a70000 - 0x00007ff6b3a7e000 	c:\Users\WINDOWS 10\.vscode\extensions\redhat.java-1.12.0-win32-x64\jre\17.0.4.1-win32-x86_64\bin\java.exe
0x00007ffa5a950000 - 0x00007ffa5ab48000 	C:\Windows\SYSTEM32\ntdll.dll
0x00007ffa59610000 - 0x00007ffa596cf000 	C:\Windows\System32\KERNEL32.DLL
0x00007ffa58050000 - 0x00007ffa58322000 	C:\Windows\System32\KERNELBASE.dll
0x00007ffa583f0000 - 0x00007ffa584f0000 	C:\Windows\System32\ucrtbase.dll
0x00007ffa4bb60000 - 0x00007ffa4bb78000 	c:\Users\WINDOWS 10\.vscode\extensions\redhat.java-1.12.0-win32-x64\jre\17.0.4.1-win32-x86_64\bin\jli.dll
0x00007ffa59000000 - 0x00007ffa5919d000 	C:\Windows\System32\USER32.dll
0x00007ffa586f0000 - 0x00007ffa58712000 	C:\Windows\System32\win32u.dll
0x00007ffa59500000 - 0x00007ffa5952b000 	C:\Windows\System32\GDI32.dll
0x00007ffa58890000 - 0x00007ffa5899f000 	C:\Windows\System32\gdi32full.dll
0x00007ffa58650000 - 0x00007ffa586ed000 	C:\Windows\System32\msvcp_win.dll
0x00007ffa46c10000 - 0x00007ffa46c29000 	c:\Users\WINDOWS 10\.vscode\extensions\redhat.java-1.12.0-win32-x64\jre\17.0.4.1-win32-x86_64\bin\VCRUNTIME140.dll
0x00007ffa49aa0000 - 0x00007ffa49d3a000 	C:\Windows\WinSxS\amd64_microsoft.windows.common-controls_6595b64144ccf1df_6.0.19041.1110_none_60b5254171f9507e\COMCTL32.dll
0x00007ffa59460000 - 0x00007ffa594fe000 	C:\Windows\System32\msvcrt.dll
0x00007ffa58e10000 - 0x00007ffa58e42000 	C:\Windows\System32\IMM32.DLL
0x00007ffa53330000 - 0x00007ffa5333c000 	c:\Users\WINDOWS 10\.vscode\extensions\redhat.java-1.12.0-win32-x64\jre\17.0.4.1-win32-x86_64\bin\vcruntime140_1.dll
0x00007ffa20020000 - 0x00007ffa200b1000 	c:\Users\WINDOWS 10\.vscode\extensions\redhat.java-1.12.0-win32-x64\jre\17.0.4.1-win32-x86_64\bin\msvcp140.dll
0x00007ffa174b0000 - 0x00007ffa180f6000 	c:\Users\WINDOWS 10\.vscode\extensions\redhat.java-1.12.0-win32-x64\jre\17.0.4.1-win32-x86_64\bin\server\jvm.dll
0x00007ffa5a7d0000 - 0x00007ffa5a87e000 	C:\Windows\System32\ADVAPI32.dll
0x00007ffa591a0000 - 0x00007ffa5923c000 	C:\Windows\System32\sechost.dll
0x00007ffa59e20000 - 0x00007ffa59f45000 	C:\Windows\System32\RPCRT4.dll
0x00007ffa59240000 - 0x00007ffa59248000 	C:\Windows\System32\PSAPI.DLL
0x00007ffa53310000 - 0x00007ffa53319000 	C:\Windows\SYSTEM32\WSOCK32.dll
0x00007ffa593f0000 - 0x00007ffa5945b000 	C:\Windows\System32\WS2_32.dll
0x00007ffa49de0000 - 0x00007ffa49e07000 	C:\Windows\SYSTEM32\WINMM.dll
0x00007ffa4bfe0000 - 0x00007ffa4bfea000 	C:\Windows\SYSTEM32\VERSION.dll
0x00007ffa55f30000 - 0x00007ffa55f42000 	C:\Windows\SYSTEM32\kernel.appcore.dll
0x00007ffa4bab0000 - 0x00007ffa4baba000 	c:\Users\WINDOWS 10\.vscode\extensions\redhat.java-1.12.0-win32-x64\jre\17.0.4.1-win32-x86_64\bin\jimage.dll
0x00007ffa4a820000 - 0x00007ffa4aa04000 	C:\Windows\SYSTEM32\DBGHELP.DLL
0x00007ffa4a500000 - 0x00007ffa4a52c000 	C:\Windows\SYSTEM32\dbgcore.DLL
0x00007ffa587d0000 - 0x00007ffa58852000 	C:\Windows\System32\bcryptPrimitives.dll
0x00007ffa4b460000 - 0x00007ffa4b46e000 	c:\Users\WINDOWS 10\.vscode\extensions\redhat.java-1.12.0-win32-x64\jre\17.0.4.1-win32-x86_64\bin\instrument.dll
0x00007ffa44490000 - 0x00007ffa444b5000 	c:\Users\WINDOWS 10\.vscode\extensions\redhat.java-1.12.0-win32-x64\jre\17.0.4.1-win32-x86_64\bin\java.dll
0x00007ffa448b0000 - 0x00007ffa448c8000 	c:\Users\WINDOWS 10\.vscode\extensions\redhat.java-1.12.0-win32-x64\jre\17.0.4.1-win32-x86_64\bin\zip.dll
0x00007ffa596d0000 - 0x00007ffa59e13000 	C:\Windows\System32\SHELL32.dll
0x00007ffa56130000 - 0x00007ffa568c2000 	C:\Windows\SYSTEM32\windows.storage.dll
0x00007ffa5a070000 - 0x00007ffa5a3c4000 	C:\Windows\System32\combase.dll
0x00007ffa579d0000 - 0x00007ffa57a00000 	C:\Windows\SYSTEM32\Wldp.dll
0x00007ffa5a4c0000 - 0x00007ffa5a56d000 	C:\Windows\System32\SHCORE.dll
0x00007ffa5a3d0000 - 0x00007ffa5a425000 	C:\Windows\System32\shlwapi.dll
0x00007ffa57f90000 - 0x00007ffa57faf000 	C:\Windows\SYSTEM32\profapi.dll
0x00007ffa44470000 - 0x00007ffa44489000 	C:\Users\WINDOWS 10\.vscode\extensions\redhat.java-1.12.0-win32-x64\jre\17.0.4.1-win32-x86_64\bin\net.dll
0x00007ffa512a0000 - 0x00007ffa513ac000 	C:\Windows\SYSTEM32\WINHTTP.dll
0x00007ffa57730000 - 0x00007ffa5779a000 	C:\Windows\system32\mswsock.dll
0x00007ffa442f0000 - 0x00007ffa44305000 	C:\Users\WINDOWS 10\.vscode\extensions\redhat.java-1.12.0-win32-x64\jre\17.0.4.1-win32-x86_64\bin\nio.dll
0x00007ffa4aea0000 - 0x00007ffa4aeb0000 	c:\Users\WINDOWS 10\.vscode\extensions\redhat.java-1.12.0-win32-x64\jre\17.0.4.1-win32-x86_64\bin\verify.dll
0x00007ffa3caf0000 - 0x00007ffa3cb2e000 	C:\Users\WINDOWS 10\AppData\Roaming\Code\User\globalStorage\redhat.java\1.12.0\config_win\org.eclipse.equinox.launcher\org.eclipse.equinox.launcher.win32.win32.x86_64_1.2.600.v20220720-1916\eclipse_11700.dll
0x00007ffa5a570000 - 0x00007ffa5a69a000 	C:\Windows\System32\ole32.dll
0x00007ffa57920000 - 0x00007ffa57938000 	C:\Windows\SYSTEM32\CRYPTSP.dll
0x00007ffa57050000 - 0x00007ffa57084000 	C:\Windows\system32\rsaenh.dll
0x00007ffa58860000 - 0x00007ffa58887000 	C:\Windows\System32\bcrypt.dll
0x00007ffa57f50000 - 0x00007ffa57f7e000 	C:\Windows\SYSTEM32\USERENV.dll
0x00007ffa57940000 - 0x00007ffa5794c000 	C:\Windows\SYSTEM32\CRYPTBASE.dll
0x00007ffa57420000 - 0x00007ffa5745b000 	C:\Windows\SYSTEM32\IPHLPAPI.DLL
0x00007ffa593e0000 - 0x00007ffa593e8000 	C:\Windows\System32\NSI.dll
0x00007ffa52360000 - 0x00007ffa52377000 	C:\Windows\SYSTEM32\dhcpcsvc6.DLL
0x00007ffa52340000 - 0x00007ffa5235d000 	C:\Windows\SYSTEM32\dhcpcsvc.DLL
0x00007ffa57460000 - 0x00007ffa5752a000 	C:\Windows\SYSTEM32\DNSAPI.dll
0x00007ffa42b40000 - 0x00007ffa42b80000 	C:\Users\WINDOWS 10\AppData\Local\Temp\jna--1946447620\jna5967906077725779628.dll

dbghelp: loaded successfully - version: 4.0.5 - missing functions: none
symbol engine: initialized successfully - sym options: 0x614 - pdb path: .;c:\Users\WINDOWS 10\.vscode\extensions\redhat.java-1.12.0-win32-x64\jre\17.0.4.1-win32-x86_64\bin;C:\Windows\SYSTEM32;C:\Windows\WinSxS\amd64_microsoft.windows.common-controls_6595b64144ccf1df_6.0.19041.1110_none_60b5254171f9507e;c:\Users\WINDOWS 10\.vscode\extensions\redhat.java-1.12.0-win32-x64\jre\17.0.4.1-win32-x86_64\bin\server;C:\Users\WINDOWS 10\AppData\Roaming\Code\User\globalStorage\redhat.java\1.12.0\config_win\org.eclipse.equinox.launcher\org.eclipse.equinox.launcher.win32.win32.x86_64_1.2.600.v20220720-1916;C:\Users\WINDOWS 10\AppData\Local\Temp\jna--1946447620

VM Arguments:
jvm_args: --add-modules=ALL-SYSTEM --add-opens=java.base/java.util=ALL-UNNAMED --add-opens=java.base/java.lang=ALL-UNNAMED --add-opens=java.base/sun.nio.fs=ALL-UNNAMED -Declipse.application=org.eclipse.jdt.ls.core.id1 -Dosgi.bundles.defaultStartLevel=4 -Declipse.product=org.eclipse.jdt.ls.core.product -Djava.import.generatesMetadataFilesAtProjectRoot=false -Dfile.encoding=utf8 -XX:+UseParallelGC -XX:GCTimeRatio=4 -XX:AdaptiveSizePolicyWeight=90 -Dsun.zip.disableMemoryMapping=true -Xmx1G -Xms100m -Xlog:disable -javaagent:c:\Users\WINDOWS 10\.vscode\extensions\redhat.java-1.12.0-win32-x64\lombok\lombok-1.18.24.jar -XX:+HeapDumpOnOutOfMemoryError -XX:HeapDumpPath=c:\Users\WINDOWS 10\AppData\Roaming\Code\User\workspaceStorage\6dc8f0c997d0f2d9e8ceb7b8c25e560c\redhat.java 
java_command: c:\Users\WINDOWS 10\.vscode\extensions\redhat.java-1.12.0-win32-x64\server\plugins\org.eclipse.equinox.launcher_1.6.400.v20210924-0641.jar -configuration c:\Users\WINDOWS 10\AppData\Roaming\Code\User\globalStorage\redhat.java\1.12.0\config_win -data c:\Users\WINDOWS 10\AppData\Roaming\Code\User\workspaceStorage\6dc8f0c997d0f2d9e8ceb7b8c25e560c\redhat.java\jdt_ws
java_class_path (initial): c:\Users\WINDOWS 10\.vscode\extensions\redhat.java-1.12.0-win32-x64\server\plugins\org.eclipse.equinox.launcher_1.6.400.v20210924-0641.jar
Launcher Type: SUN_STANDARD

[Global flags]
    uintx AdaptiveSizePolicyWeight                 = 90                                        {product} {command line}
     intx CICompilerCount                          = 3                                         {product} {ergonomic}
    uintx GCTimeRatio                              = 4                                         {product} {command line}
     bool HeapDumpOnOutOfMemoryError               = true                                   {manageable} {command line}
    ccstr HeapDumpPath                             = c:\Users\WINDOWS 10\AppData\Roaming\Code\User\workspaceStorage\6dc8f0c997d0f2d9e8ceb7b8c25e560c\redhat.java         {manageable} {command line}
   size_t InitialHeapSize                          = 104857600                                 {product} {command line}
   size_t MaxHeapSize                              = 1073741824                                {product} {command line}
   size_t MaxNewSize                               = 357564416                                 {product} {ergonomic}
   size_t MinHeapDeltaBytes                        = 524288                                    {product} {ergonomic}
   size_t MinHeapSize                              = 104857600                                 {product} {command line}
   size_t NewSize                                  = 34603008                                  {product} {ergonomic}
    uintx NonNMethodCodeHeapSize                   = 5832780                                {pd product} {ergonomic}
    uintx NonProfiledCodeHeapSize                  = 122912730                              {pd product} {ergonomic}
   size_t OldSize                                  = 70254592                                  {product} {ergonomic}
    uintx ProfiledCodeHeapSize                     = 122912730                              {pd product} {ergonomic}
    uintx ReservedCodeCacheSize                    = 251658240                              {pd product} {ergonomic}
     bool SegmentedCodeCache                       = true                                      {product} {ergonomic}
   size_t SoftMaxHeapSize                          = 1073741824                             {manageable} {ergonomic}
     bool UseCompressedClassPointers               = true                           {product lp64_product} {ergonomic}
     bool UseCompressedOops                        = true                           {product lp64_product} {ergonomic}
     bool UseLargePagesIndividualAllocation        = false                                  {pd product} {ergonomic}
     bool UseParallelGC                            = true                                      {product} {command line}

Logging:
Log output configuration:
 #0: stdout all=off uptime,level,tags
 #1: stderr all=off uptime,level,tags

Environment Variables:
JAVA_HOME=C:\Program Files\Java\zulu17.38.21-ca-jdk17.0.5-win_x64
PATH=C:\Program Files\Java\zulu17.38.21-ca-jdk17.0.5-win_x64\bin;C:\Program Files\Common Files\Oracle\Java\javapath;C:\ProgramData\Oracle\Java\javapath;C:\Program Files (x86)\Common Files\Oracle\Java\javapath;C:\Windows\system32;C:\Windows;C:\Windows\System32\Wbem;C:\Windows\System32\WindowsPowerShell\v1.0\;C:\Windows\System32\OpenSSH\;C:\Program Files\Git\cmd;C:\Program Files\Java\jdk-11.0.14\bin;C:\Work\Apps\apache-maven-3.8.5\bin;C:\Work\Apps\gradle-7.4.2\bin;C:\Work\Apps\Android\android-sdk\platform-tools;C:\Work\Apps\Android\android-sdk\tools;C:\Work\Apps\nvm;C:\Work\Apps\nodejs;C:\Program Files\MySQL\MySQL Shell 8.0\bin\;C:\Users\WINDOWS 10\AppData\Local\Microsoft\WindowsApps;C:\Work\Apps\nvm;C:\Work\Apps\nodejs;C:\Users\WINDOWS 10\AppData\Local\Programs\Microsoft VS Code\bin;C:\Program Files\heroku\bin
USERNAME=WINDOWS 10
OS=Windows_NT
PROCESSOR_IDENTIFIER=Intel64 Family 6 Model 42 Stepping 7, GenuineIntel
TMP=C:\Users\WINDOW~1\AppData\Local\Temp
TEMP=C:\Users\WINDOW~1\AppData\Local\Temp



---------------  S Y S T E M  ---------------

OS:
 Windows 10 , 64 bit Build 19041 (10.0.19041.2251)
OS uptime: 0 days 8:21 hours

CPU: total 4 (initial active 4) (2 cores per cpu, 2 threads per core) family 6 model 42 stepping 7 microcode 0x2f, cx8, cmov, fxsr, ht, mmx, sse, sse2, sse3, ssse3, sse4.1, sse4.2, popcnt, tsc, tscinvbit, avx, clmul, vzeroupper, clflush

Memory: 4k page, system-wide physical 1942M (331M free)
TotalPageFile size 7830M (AvailPageFile size 1M)
current process WorkingSet (physical memory assigned to process): 160M, peak: 163M
current process commit charge ("private bytes"): 256M, peak: 259M

vm_info: OpenJDK 64-Bit Server VM (17.0.4.1+1) for windows-amd64 JRE (17.0.4.1+1), built on Aug 17 2022 07:42:43 by "temurin" with MS VC++ 16.7 (VS2019)

END.
