#
# There is insufficient memory for the Java Runtime Environment to continue.
# Native memory allocation (malloc) failed to allocate 480496 bytes for Chunk::new
# Possible reasons:
#   The system is out of physical RAM or swap space
#   The process is running with CompressedOops enabled, and the Java Heap may be blocking the growth of the native heap
# Possible solutions:
#   Reduce memory load on the system
#   Increase physical memory or swap space
#   Check if swap backing store is full
#   Decrease Java heap size (-Xmx/-Xms)
#   Decrease number of Java threads
#   Decrease Java thread stack sizes (-Xss)
#   Set larger code cache with -XX:ReservedCodeCacheSize=
#   JVM is running with Unscaled Compressed Oops mode in which the Java heap is
#     placed in the first 4GB address space. The Java Heap base address is the
#     maximum limit for the native heap growth. Please use -XX:HeapBaseMinAddress
#     to set the Java Heap base and to place the Java Heap above 4GB virtual address.
# This output file may be truncated or incomplete.
#
#  Out of Memory Error (arena.cpp:189), pid=12120, tid=10344
#
# JRE version: OpenJDK Runtime Environment Temurin-17.0.4.1+1 (17.0.4.1+1) (build 17.0.4.1+1)
# Java VM: OpenJDK 64-Bit Server VM Temurin-17.0.4.1+1 (17.0.4.1+1, mixed mode, tiered, compressed oops, compressed class ptrs, parallel gc, windows-amd64)
# No core dump will be written. Minidumps are not enabled by default on client versions of Windows
#

---------------  S U M M A R Y ------------

Command Line: --add-modules=ALL-SYSTEM --add-opens=java.base/java.util=ALL-UNNAMED --add-opens=java.base/java.lang=ALL-UNNAMED --add-opens=java.base/sun.nio.fs=ALL-UNNAMED -Declipse.application=org.eclipse.jdt.ls.core.id1 -Dosgi.bundles.defaultStartLevel=4 -Declipse.product=org.eclipse.jdt.ls.core.product -Djava.import.generatesMetadataFilesAtProjectRoot=false -Dfile.encoding=utf8 -XX:+UseParallelGC -XX:GCTimeRatio=4 -XX:AdaptiveSizePolicyWeight=90 -Dsun.zip.disableMemoryMapping=true -Xmx1G -Xms100m -Xlog:disable -javaagent:c:\Users\WINDOWS 10\.vscode\extensions\redhat.java-1.12.0-win32-x64\lombok\lombok-1.18.24.jar -XX:+HeapDumpOnOutOfMemoryError -XX:HeapDumpPath=c:\Users\WINDOWS 10\AppData\Roaming\Code\User\workspaceStorage\6dc8f0c997d0f2d9e8ceb7b8c25e560c\redhat.java c:\Users\WINDOWS 10\.vscode\extensions\redhat.java-1.12.0-win32-x64\server\plugins\org.eclipse.equinox.launcher_1.6.400.v20210924-0641.jar -configuration c:\Users\WINDOWS 10\AppData\Roaming\Code\User\globalStorage\redhat.java\1.12.0\config_win -data c:\Users\WINDOWS 10\AppData\Roaming\Code\User\workspaceStorage\6dc8f0c997d0f2d9e8ceb7b8c25e560c\redhat.java\jdt_ws

Host: Intel(R) Core(TM) i3-2100 CPU @ 3.10GHz, 4 cores, 1G,  Windows 10 , 64 bit Build 19041 (10.0.19041.2251)
Time: Tue Nov 22 15:12:14 2022 Hora oficial do Brasil elapsed time: 34.822257 seconds (0d 0h 0m 34s)

---------------  T H R E A D  ---------------

Current thread (0x00000196d5652670):  JavaThread "C2 CompilerThread0" daemon [_thread_in_native, id=10344, stack(0x0000007fe5700000,0x0000007fe5800000)]


Current CompileTask:
C2:  34822 7589   !   4       org.apache.maven.model.Plugin::clone (204 bytes)

Stack: [0x0000007fe5700000,0x0000007fe5800000]
Native frames: (J=compiled Java code, j=interpreted, Vv=VM code, C=native code)
V  [jvm.dll+0x67731a]
V  [jvm.dll+0x832284]
V  [jvm.dll+0x833a2e]
V  [jvm.dll+0x834093]
V  [jvm.dll+0x245775]
V  [jvm.dll+0xabd7b]
V  [jvm.dll+0xac30c]
V  [jvm.dll+0x363a42]
V  [jvm.dll+0x32e011]
V  [jvm.dll+0x32d4ba]
V  [jvm.dll+0x218681]
V  [jvm.dll+0x217aa1]
V  [jvm.dll+0x1a3f8d]
V  [jvm.dll+0x227498]
V  [jvm.dll+0x2255e5]
V  [jvm.dll+0x7e7e9b]
V  [jvm.dll+0x7e240a]
V  [jvm.dll+0x6761a5]
C  [ucrtbase.dll+0x21bb2]
C  [KERNEL32.DLL+0x174b4]
C  [ntdll.dll+0x526a1]


---------------  P R O C E S S  ---------------

Threads class SMR info:
_java_thread_list=0x00000196d9e37290, length=30, elements={
0x00000196c17ffca0, 0x00000196d561d830, 0x00000196d561eba0, 0x00000196d564d840,
0x00000196d564e4c0, 0x00000196d5650050, 0x00000196d5651a80, 0x00000196d5652670,
0x00000196d5662270, 0x00000196d7020040, 0x00000196d70403d0, 0x00000196d7317e60,
0x00000196d7875600, 0x00000196d78a31f0, 0x00000196d78a36c0, 0x00000196d7932040,
0x00000196d7620ed0, 0x00000196d76fc720, 0x00000196d770f8f0, 0x00000196d770e0e0,
0x00000196d770ef50, 0x00000196d770f420, 0x00000196da894880, 0x00000196da895bc0,
0x00000196da897d70, 0x00000196da8943b0, 0x00000196da896090, 0x00000196da895220,
0x00000196da8978a0, 0x00000196da894d50
}

Java Threads: ( => current thread )
  0x00000196c17ffca0 JavaThread "main" [_thread_blocked, id=11300, stack(0x0000007fe4e00000,0x0000007fe4f00000)]
  0x00000196d561d830 JavaThread "Reference Handler" daemon [_thread_blocked, id=4628, stack(0x0000007fe5100000,0x0000007fe5200000)]
  0x00000196d561eba0 JavaThread "Finalizer" daemon [_thread_blocked, id=10036, stack(0x0000007fe5200000,0x0000007fe5300000)]
  0x00000196d564d840 JavaThread "Signal Dispatcher" daemon [_thread_blocked, id=10072, stack(0x0000007fe5300000,0x0000007fe5400000)]
  0x00000196d564e4c0 JavaThread "Attach Listener" daemon [_thread_blocked, id=3784, stack(0x0000007fe5400000,0x0000007fe5500000)]
  0x00000196d5650050 JavaThread "Service Thread" daemon [_thread_blocked, id=5032, stack(0x0000007fe5500000,0x0000007fe5600000)]
  0x00000196d5651a80 JavaThread "Monitor Deflation Thread" daemon [_thread_blocked, id=5588, stack(0x0000007fe5600000,0x0000007fe5700000)]
=>0x00000196d5652670 JavaThread "C2 CompilerThread0" daemon [_thread_in_native, id=10344, stack(0x0000007fe5700000,0x0000007fe5800000)]
  0x00000196d5662270 JavaThread "C1 CompilerThread0" daemon [_thread_in_native, id=4296, stack(0x0000007fe5800000,0x0000007fe5900000)]
  0x00000196d7020040 JavaThread "Sweeper thread" daemon [_thread_blocked, id=1936, stack(0x0000007fe5900000,0x0000007fe5a00000)]
  0x00000196d70403d0 JavaThread "Common-Cleaner" daemon [_thread_blocked, id=8932, stack(0x0000007fe5a00000,0x0000007fe5b00000)]
  0x00000196d7317e60 JavaThread "Notification Thread" daemon [_thread_blocked, id=4920, stack(0x0000007fe5b00000,0x0000007fe5c00000)]
  0x00000196d7875600 JavaThread "Active Thread: Equinox Container: 96002789-4aac-47fa-a8ec-8fee988cbf45" [_thread_blocked, id=2352, stack(0x0000007fe6000000,0x0000007fe6100000)]
  0x00000196d78a31f0 JavaThread "Framework Event Dispatcher: Equinox Container: 96002789-4aac-47fa-a8ec-8fee988cbf45" daemon [_thread_blocked, id=8096, stack(0x0000007fe6100000,0x0000007fe6200000)]
  0x00000196d78a36c0 JavaThread "Start Level: Equinox Container: 96002789-4aac-47fa-a8ec-8fee988cbf45" daemon [_thread_blocked, id=10196, stack(0x0000007fe6200000,0x0000007fe6300000)]
  0x00000196d7932040 JavaThread "SCR Component Actor" daemon [_thread_blocked, id=1728, stack(0x0000007fe6300000,0x0000007fe6400000)]
  0x00000196d7620ed0 JavaThread "Worker-JM" [_thread_blocked, id=5864, stack(0x0000007fe6500000,0x0000007fe6600000)]
  0x00000196d76fc720 JavaThread "Worker-0: Synchronizing projects" [_thread_blocked, id=6412, stack(0x0000007fe6600000,0x0000007fe6700000)]
  0x00000196d770f8f0 JavaThread "Worker-1" [_thread_blocked, id=11884, stack(0x0000007fe6700000,0x0000007fe6800000)]
  0x00000196d770e0e0 JavaThread "Java indexing" daemon [_thread_blocked, id=10604, stack(0x0000007fe6800000,0x0000007fe6900000)]
  0x00000196d770ef50 JavaThread "Worker-2" [_thread_blocked, id=5940, stack(0x0000007fe6900000,0x0000007fe6a00000)]
  0x00000196d770f420 JavaThread "JNA Cleaner" daemon [_thread_blocked, id=6692, stack(0x0000007fe6400000,0x0000007fe6500000)]
  0x00000196da894880 JavaThread "pool-2-thread-1" [_thread_blocked, id=7508, stack(0x0000007fe6c00000,0x0000007fe6d00000)]
  0x00000196da895bc0 JavaThread "pool-1-thread-1" [_thread_blocked, id=8792, stack(0x0000007fe6d00000,0x0000007fe6e00000)]
  0x00000196da897d70 JavaThread "Worker-3: Refreshing workspace" [_thread_blocked, id=2160, stack(0x0000007fe6e00000,0x0000007fe6f00000)]
  0x00000196da8943b0 JavaThread "Worker-4: Initialize workspace" [_thread_blocked, id=10820, stack(0x0000007fe6f00000,0x0000007fe7000000)]
  0x00000196da896090 JavaThread "Worker-5" [_thread_blocked, id=7232, stack(0x0000007fe7000000,0x0000007fe7100000)]
  0x00000196da895220 JavaThread "ForkJoinPool.commonPool-worker-1" daemon [_thread_in_native, id=9316, stack(0x0000007fe7100000,0x0000007fe7200000)]
  0x00000196da8978a0 JavaThread "ForkJoinPool.commonPool-worker-2" daemon [_thread_blocked, id=11324, stack(0x0000007fe7200000,0x0000007fe7300000)]
  0x00000196da894d50 JavaThread "ForkJoinPool.commonPool-worker-3" daemon [_thread_blocked, id=9004, stack(0x0000007fe7300000,0x0000007fe7400000)]

Other Threads:
  0x00000196d5607a80 VMThread "VM Thread" [stack: 0x0000007fe5000000,0x0000007fe5100000] [id=12284]
  0x00000196d7282530 WatcherThread [stack: 0x0000007fe5c00000,0x0000007fe5d00000] [id=5164]
  0x00000196c1814d10 GCTaskThread "GC Thread#0" [stack: 0x0000007fe4f00000,0x0000007fe5000000] [id=7224]
  0x00000196d77cc6a0 GCTaskThread "GC Thread#1" [stack: 0x0000007fe5d00000,0x0000007fe5e00000] [id=2904]
  0x00000196d7814940 GCTaskThread "GC Thread#2" [stack: 0x0000007fe5e00000,0x0000007fe5f00000] [id=10028]
  0x00000196d7814bf0 GCTaskThread "GC Thread#3" [stack: 0x0000007fe5f00000,0x0000007fe6000000] [id=12112]

Threads with active compile tasks:
C2 CompilerThread0    34874 7589   !   4       org.apache.maven.model.Plugin::clone (204 bytes)
C1 CompilerThread0    34874 7621       3       org.apache.maven.model.io.xpp3.MavenXpp3Reader::parseDeveloper (497 bytes)

VM state: not at safepoint (normal execution)

VM Mutex/Monitor currently owned by a thread: None

Heap address: 0x00000000c0000000, size: 1024 MB, Compressed Oops mode: 32-bit

CDS archive(s) not mapped
Compressed class space mapped at: 0x0000000100000000-0x0000000140000000, reserved size: 1073741824
Narrow klass base: 0x0000000000000000, Narrow klass shift: 3, Narrow klass range: 0x140000000

GC Precious Log:
 CPUs: 4 total, 4 available
 Memory: 1942M
 Large Page Support: Disabled
 NUMA Support: Disabled
 Compressed Oops: Enabled (32-bit)
 Alignments: Space 512K, Generation 512K, Heap 2M
 Heap Min Capacity: 100M
 Heap Initial Capacity: 100M
 Heap Max Capacity: 1G
 Pre-touch: Disabled
 Parallel Workers: 4

Heap:
 PSYoungGen      total 22528K, used 5950K [0x00000000eab00000, 0x00000000ec380000, 0x0000000100000000)
  eden space 20992K, 21% used [0x00000000eab00000,0x00000000eaf6fab0,0x00000000ebf80000)
  from space 1536K, 91% used [0x00000000ec000000,0x00000000ec160000,0x00000000ec180000)
  to   space 2048K, 0% used [0x00000000ec180000,0x00000000ec180000,0x00000000ec380000)
 ParOldGen       total 68608K, used 48449K [0x00000000c0000000, 0x00000000c4300000, 0x00000000eab00000)
  object space 68608K, 70% used [0x00000000c0000000,0x00000000c2f507e0,0x00000000c4300000)
 Metaspace       used 56957K, committed 57984K, reserved 1105920K
  class space    used 6002K, committed 6464K, reserved 1048576K

Card table byte_map: [0x00000196c11c0000,0x00000196c13d0000] _byte_map_base: 0x00000196c0bc0000

Marking Bits: (ParMarkBitMap*) 0x00007ffa18032cc0
 Begin Bits: [0x00000196d34a0000, 0x00000196d44a0000)
 End Bits:   [0x00000196d44a0000, 0x00000196d54a0000)

Polling page: 0x00000196bf590000

Metaspace:

Usage:
  Non-class:     49.76 MB used.
      Class:      5.86 MB used.
       Both:     55.62 MB used.

Virtual space:
  Non-class space:       56.00 MB reserved,      50.31 MB ( 90%) committed,  7 nodes.
      Class space:        1.00 GB reserved,       6.31 MB ( <1%) committed,  1 nodes.
             Both:        1.05 GB reserved,      56.62 MB (  5%) committed. 

Chunk freelists:
   Non-Class:  1.69 MB
       Class:  1.60 MB
        Both:  3.29 MB

MaxMetaspaceSize: unlimited
CompressedClassSpaceSize: 1.00 GB
Initial GC threshold: 21.00 MB
Current GC threshold: 58.38 MB
CDS: off
MetaspaceReclaimPolicy: balanced
 - commit_granule_bytes: 65536.
 - commit_granule_words: 8192.
 - virtual_space_node_default_size: 1048576.
 - enlarge_chunks_in_place: 1.
 - new_chunks_are_fully_committed: 0.
 - uncommit_free_chunks: 1.
 - use_allocation_guard: 0.
 - handle_deallocations: 1.


Internal statistics:

num_allocs_failed_limit: 6.
num_arena_births: 644.
num_arena_deaths: 14.
num_vsnodes_births: 8.
num_vsnodes_deaths: 0.
num_space_committed: 906.
num_space_uncommitted: 0.
num_chunks_returned_to_freelist: 20.
num_chunks_taken_from_freelist: 2821.
num_chunk_merges: 7.
num_chunk_splits: 1808.
num_chunks_enlarged: 1091.
num_purges: 2.
num_inconsistent_stats: 0.

CodeHeap 'non-profiled nmethods': size=120000Kb used=3886Kb max_used=3886Kb free=116113Kb
 bounds [0x00000196cbf70000, 0x00000196cc340000, 0x00000196d34a0000]
CodeHeap 'profiled nmethods': size=120000Kb used=14426Kb max_used=14426Kb free=105573Kb
 bounds [0x00000196c4a40000, 0x00000196c5860000, 0x00000196cbf70000]
CodeHeap 'non-nmethods': size=5760Kb used=1303Kb max_used=1352Kb free=4456Kb
 bounds [0x00000196c44a0000, 0x00000196c4710000, 0x00000196c4a40000]
 total_blobs=7348 nmethods=6714 adapters=548
 compilation: enabled
              stopped_count=0, restarted_count=0
 full_count=0

Compilation events (20 events):
Event: 34.758 Thread 0x00000196d5652670 7589   !   4       org.apache.maven.model.Plugin::clone (204 bytes)
Event: 34.758 Thread 0x00000196d5662270 nmethod 7602 0x00000196c5849a10 code [0x00000196c5849ba0, 0x00000196c5849d98]
Event: 34.758 Thread 0x00000196d5662270 7603       3       org.apache.maven.model.merge.ModelMerger::getResourceKey (2 bytes)
Event: 34.758 Thread 0x00000196d5662270 nmethod 7603 0x00000196c5849e90 code [0x00000196c584a020, 0x00000196c584a138]
Event: 34.765 Thread 0x00000196d5662270 7605       3       org.apache.maven.model.ReportPlugin::<init> (16 bytes)
Event: 34.766 Thread 0x00000196d5662270 nmethod 7605 0x00000196c584a210 code [0x00000196c584a3c0, 0x00000196c584a5b8]
Event: 34.766 Thread 0x00000196d5662270 7606  s    3       org.apache.maven.model.building.DefaultModelBuildingRequest::getModelSource (34 bytes)
Event: 34.766 Thread 0x00000196d5662270 nmethod 7606 0x00000196c584a690 code [0x00000196c584a880, 0x00000196c584ae38]
Event: 34.766 Thread 0x00000196d5662270 7607       3       org.apache.maven.model.building.ModelData::<init> (15 bytes)
Event: 34.767 Thread 0x00000196d5662270 nmethod 7607 0x00000196c584b090 code [0x00000196c584b220, 0x00000196c584b3b8]
Event: 34.801 Thread 0x00000196d5662270 7608       1       org.apache.maven.model.profile.DefaultProfileActivationContext::getProjectDirectory (5 bytes)
Event: 34.801 Thread 0x00000196d5662270 nmethod 7608 0x00000196cc33a990 code [0x00000196cc33ab20, 0x00000196cc33abf8]
Event: 34.802 Thread 0x00000196d5662270 7610   !   3       org.apache.maven.model.DeploymentRepository::clone (51 bytes)
Event: 34.803 Thread 0x00000196d5662270 nmethod 7610 0x00000196c584b490 code [0x00000196c584b700, 0x00000196c584bfc8]
Event: 34.803 Thread 0x00000196d5662270 7611       3       org.codehaus.plexus.interpolation.ObjectBasedValueSource::<init> (11 bytes)
Event: 34.803 Thread 0x00000196d5662270 nmethod 7611 0x00000196c584c310 code [0x00000196c584c4e0, 0x00000196c584c8f8]
Event: 34.803 Thread 0x00000196d5662270 7612       3       org.apache.maven.model.interpolation.StringVisitorModelInterpolator$ModelVisitor::visit (210 bytes)
Event: 34.806 Thread 0x00000196d5662270 nmethod 7612 0x00000196c584ca90 code [0x00000196c584ce80, 0x00000196c584f0e8]
Event: 34.806 Thread 0x00000196d5662270 7613       3       org.codehaus.plexus.interpolation.StringSearchInterpolator::<init> (55 bytes)
Event: 34.807 Thread 0x00000196d5662270 nmethod 7613 0x00000196c584fa90 code [0x00000196c584fca0, 0x00000196c58503d8]

GC Heap History (20 events):
Event: 28.858 GC heap before
{Heap before GC invocations=26 (full 2):
 PSYoungGen      total 23040K, used 21280K [0x00000000eab00000, 0x00000000ec300000, 0x0000000100000000)
  eden space 20992K, 100% used [0x00000000eab00000,0x00000000ebf80000,0x00000000ebf80000)
  from space 2048K, 14% used [0x00000000ebf80000,0x00000000ebfc8000,0x00000000ec180000)
  to   space 1024K, 0% used [0x00000000ec200000,0x00000000ec200000,0x00000000ec300000)
 ParOldGen       total 68608K, used 32684K [0x00000000c0000000, 0x00000000c4300000, 0x00000000eab00000)
  object space 68608K, 47% used [0x00000000c0000000,0x00000000c1feb180,0x00000000c4300000)
 Metaspace       used 54343K, committed 55232K, reserved 1105920K
  class space    used 5825K, committed 6208K, reserved 1048576K
}
Event: 28.862 GC heap after
{Heap after GC invocations=26 (full 2):
 PSYoungGen      total 21504K, used 480K [0x00000000eab00000, 0x00000000ec280000, 0x0000000100000000)
  eden space 20992K, 0% used [0x00000000eab00000,0x00000000eab00000,0x00000000ebf80000)
  from space 512K, 93% used [0x00000000ec200000,0x00000000ec278000,0x00000000ec280000)
  to   space 1024K, 0% used [0x00000000ec080000,0x00000000ec080000,0x00000000ec180000)
 ParOldGen       total 68608K, used 32909K [0x00000000c0000000, 0x00000000c4300000, 0x00000000eab00000)
  object space 68608K, 47% used [0x00000000c0000000,0x00000000c20234e8,0x00000000c4300000)
 Metaspace       used 54343K, committed 55232K, reserved 1105920K
  class space    used 5825K, committed 6208K, reserved 1048576K
}
Event: 29.728 GC heap before
{Heap before GC invocations=27 (full 2):
 PSYoungGen      total 21504K, used 21472K [0x00000000eab00000, 0x00000000ec280000, 0x0000000100000000)
  eden space 20992K, 100% used [0x00000000eab00000,0x00000000ebf80000,0x00000000ebf80000)
  from space 512K, 93% used [0x00000000ec200000,0x00000000ec278000,0x00000000ec280000)
  to   space 1024K, 0% used [0x00000000ec080000,0x00000000ec080000,0x00000000ec180000)
 ParOldGen       total 68608K, used 32909K [0x00000000c0000000, 0x00000000c4300000, 0x00000000eab00000)
  object space 68608K, 47% used [0x00000000c0000000,0x00000000c20234e8,0x00000000c4300000)
 Metaspace       used 55207K, committed 56192K, reserved 1105920K
  class space    used 5889K, committed 6272K, reserved 1048576K
}
Event: 29.732 GC heap after
{Heap after GC invocations=27 (full 2):
 PSYoungGen      total 22016K, used 992K [0x00000000eab00000, 0x00000000ec480000, 0x0000000100000000)
  eden space 20992K, 0% used [0x00000000eab00000,0x00000000eab00000,0x00000000ebf80000)
  from space 1024K, 96% used [0x00000000ec080000,0x00000000ec178020,0x00000000ec180000)
  to   space 2560K, 0% used [0x00000000ec200000,0x00000000ec200000,0x00000000ec480000)
 ParOldGen       total 68608K, used 33790K [0x00000000c0000000, 0x00000000c4300000, 0x00000000eab00000)
  object space 68608K, 49% used [0x00000000c0000000,0x00000000c20ff958,0x00000000c4300000)
 Metaspace       used 55207K, committed 56192K, reserved 1105920K
  class space    used 5889K, committed 6272K, reserved 1048576K
}
Event: 30.507 GC heap before
{Heap before GC invocations=28 (full 2):
 PSYoungGen      total 22016K, used 21984K [0x00000000eab00000, 0x00000000ec480000, 0x0000000100000000)
  eden space 20992K, 100% used [0x00000000eab00000,0x00000000ebf80000,0x00000000ebf80000)
  from space 1024K, 96% used [0x00000000ec080000,0x00000000ec178020,0x00000000ec180000)
  to   space 2560K, 0% used [0x00000000ec200000,0x00000000ec200000,0x00000000ec480000)
 ParOldGen       total 68608K, used 33790K [0x00000000c0000000, 0x00000000c4300000, 0x00000000eab00000)
  object space 68608K, 49% used [0x00000000c0000000,0x00000000c20ff958,0x00000000c4300000)
 Metaspace       used 55219K, committed 56192K, reserved 1105920K
  class space    used 5889K, committed 6272K, reserved 1048576K
}
Event: 30.512 GC heap after
{Heap after GC invocations=28 (full 2):
 PSYoungGen      total 23552K, used 2080K [0x00000000eab00000, 0x00000000ec480000, 0x0000000100000000)
  eden space 20992K, 0% used [0x00000000eab00000,0x00000000eab00000,0x00000000ebf80000)
  from space 2560K, 81% used [0x00000000ec200000,0x00000000ec408010,0x00000000ec480000)
  to   space 2560K, 0% used [0x00000000ebf80000,0x00000000ebf80000,0x00000000ec200000)
 ParOldGen       total 68608K, used 34776K [0x00000000c0000000, 0x00000000c4300000, 0x00000000eab00000)
  object space 68608K, 50% used [0x00000000c0000000,0x00000000c21f6308,0x00000000c4300000)
 Metaspace       used 55219K, committed 56192K, reserved 1105920K
  class space    used 5889K, committed 6272K, reserved 1048576K
}
Event: 30.819 GC heap before
{Heap before GC invocations=29 (full 2):
 PSYoungGen      total 23552K, used 23072K [0x00000000eab00000, 0x00000000ec480000, 0x0000000100000000)
  eden space 20992K, 100% used [0x00000000eab00000,0x00000000ebf80000,0x00000000ebf80000)
  from space 2560K, 81% used [0x00000000ec200000,0x00000000ec408010,0x00000000ec480000)
  to   space 2560K, 0% used [0x00000000ebf80000,0x00000000ebf80000,0x00000000ec200000)
 ParOldGen       total 68608K, used 34776K [0x00000000c0000000, 0x00000000c4300000, 0x00000000eab00000)
  object space 68608K, 50% used [0x00000000c0000000,0x00000000c21f6308,0x00000000c4300000)
 Metaspace       used 55245K, committed 56192K, reserved 1105920K
  class space    used 5889K, committed 6272K, reserved 1048576K
}
Event: 30.824 GC heap after
{Heap after GC invocations=29 (full 2):
 PSYoungGen      total 23552K, used 2304K [0x00000000eab00000, 0x00000000ec480000, 0x0000000100000000)
  eden space 20992K, 0% used [0x00000000eab00000,0x00000000eab00000,0x00000000ebf80000)
  from space 2560K, 90% used [0x00000000ebf80000,0x00000000ec1c0010,0x00000000ec200000)
  to   space 2560K, 0% used [0x00000000ec200000,0x00000000ec200000,0x00000000ec480000)
 ParOldGen       total 68608K, used 36712K [0x00000000c0000000, 0x00000000c4300000, 0x00000000eab00000)
  object space 68608K, 53% used [0x00000000c0000000,0x00000000c23da308,0x00000000c4300000)
 Metaspace       used 55245K, committed 56192K, reserved 1105920K
  class space    used 5889K, committed 6272K, reserved 1048576K
}
Event: 31.073 GC heap before
{Heap before GC invocations=30 (full 2):
 PSYoungGen      total 23552K, used 23296K [0x00000000eab00000, 0x00000000ec480000, 0x0000000100000000)
  eden space 20992K, 100% used [0x00000000eab00000,0x00000000ebf80000,0x00000000ebf80000)
  from space 2560K, 90% used [0x00000000ebf80000,0x00000000ec1c0010,0x00000000ec200000)
  to   space 2560K, 0% used [0x00000000ec200000,0x00000000ec200000,0x00000000ec480000)
 ParOldGen       total 68608K, used 36712K [0x00000000c0000000, 0x00000000c4300000, 0x00000000eab00000)
  object space 68608K, 53% used [0x00000000c0000000,0x00000000c23da308,0x00000000c4300000)
 Metaspace       used 55245K, committed 56192K, reserved 1105920K
  class space    used 5889K, committed 6272K, reserved 1048576K
}
Event: 31.078 GC heap after
{Heap after GC invocations=30 (full 2):
 PSYoungGen      total 23552K, used 2176K [0x00000000eab00000, 0x00000000ec480000, 0x0000000100000000)
  eden space 20992K, 0% used [0x00000000eab00000,0x00000000eab00000,0x00000000ebf80000)
  from space 2560K, 85% used [0x00000000ec200000,0x00000000ec420000,0x00000000ec480000)
  to   space 2560K, 0% used [0x00000000ebf80000,0x00000000ebf80000,0x00000000ec200000)
 ParOldGen       total 68608K, used 38940K [0x00000000c0000000, 0x00000000c4300000, 0x00000000eab00000)
  object space 68608K, 56% used [0x00000000c0000000,0x00000000c2607218,0x00000000c4300000)
 Metaspace       used 55245K, committed 56192K, reserved 1105920K
  class space    used 5889K, committed 6272K, reserved 1048576K
}
Event: 31.280 GC heap before
{Heap before GC invocations=31 (full 2):
 PSYoungGen      total 23552K, used 23168K [0x00000000eab00000, 0x00000000ec480000, 0x0000000100000000)
  eden space 20992K, 100% used [0x00000000eab00000,0x00000000ebf80000,0x00000000ebf80000)
  from space 2560K, 85% used [0x00000000ec200000,0x00000000ec420000,0x00000000ec480000)
  to   space 2560K, 0% used [0x00000000ebf80000,0x00000000ebf80000,0x00000000ec200000)
 ParOldGen       total 68608K, used 38940K [0x00000000c0000000, 0x00000000c4300000, 0x00000000eab00000)
  object space 68608K, 56% used [0x00000000c0000000,0x00000000c2607218,0x00000000c4300000)
 Metaspace       used 55248K, committed 56192K, reserved 1105920K
  class space    used 5889K, committed 6272K, reserved 1048576K
}
Event: 31.286 GC heap after
{Heap after GC invocations=31 (full 2):
 PSYoungGen      total 23552K, used 2080K [0x00000000eab00000, 0x00000000ec480000, 0x0000000100000000)
  eden space 20992K, 0% used [0x00000000eab00000,0x00000000eab00000,0x00000000ebf80000)
  from space 2560K, 81% used [0x00000000ebf80000,0x00000000ec188010,0x00000000ec200000)
  to   space 2560K, 0% used [0x00000000ec200000,0x00000000ec200000,0x00000000ec480000)
 ParOldGen       total 68608K, used 41084K [0x00000000c0000000, 0x00000000c4300000, 0x00000000eab00000)
  object space 68608K, 59% used [0x00000000c0000000,0x00000000c281f218,0x00000000c4300000)
 Metaspace       used 55248K, committed 56192K, reserved 1105920K
  class space    used 5889K, committed 6272K, reserved 1048576K
}
Event: 32.673 GC heap before
{Heap before GC invocations=32 (full 2):
 PSYoungGen      total 23552K, used 23072K [0x00000000eab00000, 0x00000000ec480000, 0x0000000100000000)
  eden space 20992K, 100% used [0x00000000eab00000,0x00000000ebf80000,0x00000000ebf80000)
  from space 2560K, 81% used [0x00000000ebf80000,0x00000000ec188010,0x00000000ec200000)
  to   space 2560K, 0% used [0x00000000ec200000,0x00000000ec200000,0x00000000ec480000)
 ParOldGen       total 68608K, used 41084K [0x00000000c0000000, 0x00000000c4300000, 0x00000000eab00000)
  object space 68608K, 59% used [0x00000000c0000000,0x00000000c281f218,0x00000000c4300000)
 Metaspace       used 56234K, committed 57280K, reserved 1105920K
  class space    used 5976K, committed 6400K, reserved 1048576K
}
Event: 32.679 GC heap after
{Heap after GC invocations=32 (full 2):
 PSYoungGen      total 23552K, used 2240K [0x00000000eab00000, 0x00000000ec480000, 0x0000000100000000)
  eden space 20992K, 0% used [0x00000000eab00000,0x00000000eab00000,0x00000000ebf80000)
  from space 2560K, 87% used [0x00000000ec200000,0x00000000ec430000,0x00000000ec480000)
  to   space 2560K, 0% used [0x00000000ebf80000,0x00000000ebf80000,0x00000000ec200000)
 ParOldGen       total 68608K, used 43092K [0x00000000c0000000, 0x00000000c4300000, 0x00000000eab00000)
  object space 68608K, 62% used [0x00000000c0000000,0x00000000c2a15228,0x00000000c4300000)
 Metaspace       used 56234K, committed 57280K, reserved 1105920K
  class space    used 5976K, committed 6400K, reserved 1048576K
}
Event: 33.303 GC heap before
{Heap before GC invocations=33 (full 2):
 PSYoungGen      total 23552K, used 23232K [0x00000000eab00000, 0x00000000ec480000, 0x0000000100000000)
  eden space 20992K, 100% used [0x00000000eab00000,0x00000000ebf80000,0x00000000ebf80000)
  from space 2560K, 87% used [0x00000000ec200000,0x00000000ec430000,0x00000000ec480000)
  to   space 2560K, 0% used [0x00000000ebf80000,0x00000000ebf80000,0x00000000ec200000)
 ParOldGen       total 68608K, used 43092K [0x00000000c0000000, 0x00000000c4300000, 0x00000000eab00000)
  object space 68608K, 62% used [0x00000000c0000000,0x00000000c2a15228,0x00000000c4300000)
 Metaspace       used 56386K, committed 57408K, reserved 1105920K
  class space    used 5978K, committed 6400K, reserved 1048576K
}
Event: 33.309 GC heap after
{Heap after GC invocations=33 (full 2):
 PSYoungGen      total 23552K, used 1952K [0x00000000eab00000, 0x00000000ec480000, 0x0000000100000000)
  eden space 20992K, 0% used [0x00000000eab00000,0x00000000eab00000,0x00000000ebf80000)
  from space 2560K, 76% used [0x00000000ebf80000,0x00000000ec168000,0x00000000ec200000)
  to   space 2560K, 0% used [0x00000000ec200000,0x00000000ec200000,0x00000000ec480000)
 ParOldGen       total 68608K, used 45228K [0x00000000c0000000, 0x00000000c4300000, 0x00000000eab00000)
  object space 68608K, 65% used [0x00000000c0000000,0x00000000c2c2b228,0x00000000c4300000)
 Metaspace       used 56386K, committed 57408K, reserved 1105920K
  class space    used 5978K, committed 6400K, reserved 1048576K
}
Event: 33.788 GC heap before
{Heap before GC invocations=34 (full 2):
 PSYoungGen      total 23552K, used 22944K [0x00000000eab00000, 0x00000000ec480000, 0x0000000100000000)
  eden space 20992K, 100% used [0x00000000eab00000,0x00000000ebf80000,0x00000000ebf80000)
  from space 2560K, 76% used [0x00000000ebf80000,0x00000000ec168000,0x00000000ec200000)
  to   space 2560K, 0% used [0x00000000ec200000,0x00000000ec200000,0x00000000ec480000)
 ParOldGen       total 68608K, used 45228K [0x00000000c0000000, 0x00000000c4300000, 0x00000000eab00000)
  object space 68608K, 65% used [0x00000000c0000000,0x00000000c2c2b228,0x00000000c4300000)
 Metaspace       used 56644K, committed 57664K, reserved 1105920K
  class space    used 6000K, committed 6464K, reserved 1048576K
}
Event: 33.792 GC heap after
{Heap after GC invocations=34 (full 2):
 PSYoungGen      total 23040K, used 1936K [0x00000000eab00000, 0x00000000ec400000, 0x0000000100000000)
  eden space 20992K, 0% used [0x00000000eab00000,0x00000000eab00000,0x00000000ebf80000)
  from space 2048K, 94% used [0x00000000ec200000,0x00000000ec3e4010,0x00000000ec400000)
  to   space 2048K, 0% used [0x00000000ec000000,0x00000000ec000000,0x00000000ec200000)
 ParOldGen       total 68608K, used 46805K [0x00000000c0000000, 0x00000000c4300000, 0x00000000eab00000)
  object space 68608K, 68% used [0x00000000c0000000,0x00000000c2db5468,0x00000000c4300000)
 Metaspace       used 56644K, committed 57664K, reserved 1105920K
  class space    used 6000K, committed 6464K, reserved 1048576K
}
Event: 34.737 GC heap before
{Heap before GC invocations=35 (full 2):
 PSYoungGen      total 23040K, used 22928K [0x00000000eab00000, 0x00000000ec400000, 0x0000000100000000)
  eden space 20992K, 100% used [0x00000000eab00000,0x00000000ebf80000,0x00000000ebf80000)
  from space 2048K, 94% used [0x00000000ec200000,0x00000000ec3e4010,0x00000000ec400000)
  to   space 2048K, 0% used [0x00000000ec000000,0x00000000ec000000,0x00000000ec200000)
 ParOldGen       total 68608K, used 46805K [0x00000000c0000000, 0x00000000c4300000, 0x00000000eab00000)
  object space 68608K, 68% used [0x00000000c0000000,0x00000000c2db5468,0x00000000c4300000)
 Metaspace       used 56935K, committed 57920K, reserved 1105920K
  class space    used 6001K, committed 6464K, reserved 1048576K
}
Event: 34.742 GC heap after
{Heap after GC invocations=35 (full 2):
 PSYoungGen      total 22528K, used 1408K [0x00000000eab00000, 0x00000000ec380000, 0x0000000100000000)
  eden space 20992K, 0% used [0x00000000eab00000,0x00000000eab00000,0x00000000ebf80000)
  from space 1536K, 91% used [0x00000000ec000000,0x00000000ec160000,0x00000000ec180000)
  to   space 2048K, 0% used [0x00000000ec180000,0x00000000ec180000,0x00000000ec380000)
 ParOldGen       total 68608K, used 48449K [0x00000000c0000000, 0x00000000c4300000, 0x00000000eab00000)
  object space 68608K, 70% used [0x00000000c0000000,0x00000000c2f507e0,0x00000000c4300000)
 Metaspace       used 56935K, committed 57920K, reserved 1105920K
  class space    used 6001K, committed 6464K, reserved 1048576K
}

Deoptimization events (20 events):
Event: 33.808 Thread 0x00000196da895220 Uncommon trap: trap_request=0xffffff45 fr.pc=0x00000196cc30b944 relative=0x00000000000000a4
Event: 33.808 Thread 0x00000196da895220 Uncommon trap: reason=unstable_if action=reinterpret pc=0x00000196cc30b944 method=org.apache.maven.model.io.xpp3.MavenXpp3Reader.nextTag(Lorg/codehaus/plexus/util/xml/pull/XmlPullParser;)I @ 9 c2
Event: 33.808 Thread 0x00000196da895220 DEOPT PACKING pc=0x00000196cc30b944 sp=0x0000007fe71fc350
Event: 33.808 Thread 0x00000196da895220 DEOPT UNPACKING pc=0x00000196c44f20a3 sp=0x0000007fe71fc2e0 mode 2
Event: 34.487 Thread 0x00000196da895220 Uncommon trap: trap_request=0xffffffbe fr.pc=0x00000196cc32a99c relative=0x0000000000000bbc
Event: 34.487 Thread 0x00000196da895220 Uncommon trap: reason=profile_predicate action=maybe_recompile pc=0x00000196cc32a99c method=java.util.concurrent.ConcurrentHashMap.putAll(Ljava/util/Map;)V @ 28 c2
Event: 34.487 Thread 0x00000196da895220 DEOPT PACKING pc=0x00000196cc32a99c sp=0x0000007fe71fc5c0
Event: 34.487 Thread 0x00000196da895220 DEOPT UNPACKING pc=0x00000196c44f20a3 sp=0x0000007fe71fc570 mode 2
Event: 34.488 Thread 0x00000196da895220 Uncommon trap: trap_request=0xffffffbe fr.pc=0x00000196cc32a99c relative=0x0000000000000bbc
Event: 34.488 Thread 0x00000196da895220 Uncommon trap: reason=profile_predicate action=maybe_recompile pc=0x00000196cc32a99c method=java.util.concurrent.ConcurrentHashMap.putAll(Ljava/util/Map;)V @ 28 c2
Event: 34.488 Thread 0x00000196da895220 DEOPT PACKING pc=0x00000196cc32a99c sp=0x0000007fe71fc5e0
Event: 34.488 Thread 0x00000196da895220 DEOPT UNPACKING pc=0x00000196c44f20a3 sp=0x0000007fe71fc590 mode 2
Event: 34.510 Thread 0x00000196da895220 Uncommon trap: trap_request=0xffffffbe fr.pc=0x00000196cc32a99c relative=0x0000000000000bbc
Event: 34.510 Thread 0x00000196da895220 Uncommon trap: reason=profile_predicate action=maybe_recompile pc=0x00000196cc32a99c method=java.util.concurrent.ConcurrentHashMap.putAll(Ljava/util/Map;)V @ 28 c2
Event: 34.510 Thread 0x00000196da895220 DEOPT PACKING pc=0x00000196cc32a99c sp=0x0000007fe71fbfb0
Event: 34.510 Thread 0x00000196da895220 DEOPT UNPACKING pc=0x00000196c44f20a3 sp=0x0000007fe71fbf60 mode 2
Event: 34.510 Thread 0x00000196da895220 Uncommon trap: trap_request=0xffffffbe fr.pc=0x00000196cc32a99c relative=0x0000000000000bbc
Event: 34.510 Thread 0x00000196da895220 Uncommon trap: reason=profile_predicate action=maybe_recompile pc=0x00000196cc32a99c method=java.util.concurrent.ConcurrentHashMap.putAll(Ljava/util/Map;)V @ 28 c2
Event: 34.510 Thread 0x00000196da895220 DEOPT PACKING pc=0x00000196cc32a99c sp=0x0000007fe71fc300
Event: 34.510 Thread 0x00000196da895220 DEOPT UNPACKING pc=0x00000196c44f20a3 sp=0x0000007fe71fc2b0 mode 2

Classes unloaded (7 events):
Event: 7.270 Thread 0x00000196d5607a80 Unloading class 0x0000000100214800 'java/lang/invoke/LambdaForm$MH+0x0000000100214800'
Event: 7.270 Thread 0x00000196d5607a80 Unloading class 0x0000000100214400 'java/lang/invoke/LambdaForm$MH+0x0000000100214400'
Event: 7.270 Thread 0x00000196d5607a80 Unloading class 0x0000000100214000 'java/lang/invoke/LambdaForm$MH+0x0000000100214000'
Event: 7.270 Thread 0x00000196d5607a80 Unloading class 0x0000000100213800 'java/lang/invoke/LambdaForm$MH+0x0000000100213800'
Event: 7.270 Thread 0x00000196d5607a80 Unloading class 0x0000000100213400 'java/lang/invoke/LambdaForm$BMH+0x0000000100213400'
Event: 7.270 Thread 0x00000196d5607a80 Unloading class 0x0000000100213000 'java/lang/invoke/LambdaForm$DMH+0x0000000100213000'
Event: 7.270 Thread 0x00000196d5607a80 Unloading class 0x0000000100210400 'java/lang/invoke/LambdaForm$DMH+0x0000000100210400'

Classes redefined (0 events):
No events

Internal exceptions (20 events):
Event: 22.508 Thread 0x00000196da895bc0 Exception <a 'sun/nio/fs/WindowsException'{0x00000000ebcee638}> (0x00000000ebcee638) 
thrown [s\src\hotspot\share\prims\jni.cpp, line 516]
Event: 22.659 Thread 0x00000196da895bc0 Exception <a 'java/lang/NoSuchMethodError'{0x00000000ebd45668}: 'java.lang.Object java.lang.invoke.DirectMethodHandle$Holder.invokeStatic(java.lang.Object, java.lang.Object, int, java.lang.Object)'> (0x00000000ebd45668) 
thrown [s\src\hotspot\share\interpreter\linkResolver.cpp, line 759]
Event: 22.660 Thread 0x00000196da895bc0 Exception <a 'java/lang/NoSuchMethodError'{0x00000000ebd4d6e8}: 'java.lang.Object java.lang.invoke.DirectMethodHandle$Holder.newInvokeSpecial(java.lang.Object, java.lang.Object, int)'> (0x00000000ebd4d6e8) 
thrown [s\src\hotspot\share\interpreter\linkResolver.cpp, line 759]
Event: 22.688 Thread 0x00000196da895bc0 Exception <a 'java/lang/NoSuchMethodError'{0x00000000ebe08f88}: 'java.lang.Object java.lang.invoke.DirectMethodHandle$Holder.invokeInterface(java.lang.Object, java.lang.Object, java.lang.Object)'> (0x00000000ebe08f88) 
thrown [s\src\hotspot\share\interpreter\linkResolver.cpp, line 759]
Event: 23.008 Thread 0x00000196da895bc0 Exception <a 'java/io/FileNotFoundException'{0x00000000ead91cb0}> (0x00000000ead91cb0) 
thrown [s\src\hotspot\share\prims\jni.cpp, line 516]
Event: 23.498 Thread 0x00000196da895bc0 Implicit null exception at 0x00000196cc095748 to 0x00000196cc0957f8
Event: 28.419 Thread 0x00000196da895220 Exception <a 'java/lang/NoSuchMethodError'{0x00000000eb3ccf98}: 'java.lang.Object java.lang.invoke.DirectMethodHandle$Holder.invokeStatic(java.lang.Object, java.lang.Object, java.lang.Object, long)'> (0x00000000eb3ccf98) 
thrown [s\src\hotspot\share\interpreter\linkResolver.cpp, line 759]
Event: 28.420 Thread 0x00000196da895220 Exception <a 'java/lang/NoSuchMethodError'{0x00000000eb3d4b90}: 'java.lang.Object java.lang.invoke.DirectMethodHandle$Holder.newInvokeSpecial(java.lang.Object, java.lang.Object, java.lang.Object, long)'> (0x00000000eb3d4b90) 
thrown [s\src\hotspot\share\interpreter\linkResolver.cpp, line 759]
Event: 28.421 Thread 0x00000196da895220 Exception <a 'java/lang/NoSuchMethodError'{0x00000000eb3d8ca8}: 'java.lang.Object java.lang.invoke.DirectMethodHandle$Holder.invokeSpecial(java.lang.Object, java.lang.Object, java.lang.Object, java.lang.Object, long)'> (0x00000000eb3d8ca8) 
thrown [s\src\hotspot\share\interpreter\linkResolver.cpp, line 759]
Event: 28.421 Thread 0x00000196da895220 Exception <a 'java/lang/NoSuchMethodError'{0x00000000eb3dc878}: 'java.lang.Object java.lang.invoke.Invokers$Holder.linkToTargetMethod(java.lang.Object, java.lang.Object, long, java.lang.Object)'> (0x00000000eb3dc878) 
thrown [s\src\hotspot\share\interpreter\linkResolver.cpp, line 759]
Event: 28.440 Thread 0x00000196da895220 Exception <a 'java/lang/NoSuchMethodError'{0x00000000eb3f5680}: 'int java.lang.invoke.DirectMethodHandle$Holder.invokeStatic(java.lang.Object)'> (0x00000000eb3f5680) 
thrown [s\src\hotspot\share\interpreter\linkResolver.cpp, line 759]
Event: 28.532 Thread 0x00000196da895220 Exception <a 'java/io/FileNotFoundException'{0x00000000eb47b8b8}> (0x00000000eb47b8b8) 
thrown [s\src\hotspot\share\prims\jni.cpp, line 516]
Event: 28.533 Thread 0x00000196da895220 Exception <a 'java/io/FileNotFoundException'{0x00000000eb47d978}> (0x00000000eb47d978) 
thrown [s\src\hotspot\share\prims\jni.cpp, line 516]
Event: 28.533 Thread 0x00000196da895220 Exception <a 'java/io/FileNotFoundException'{0x00000000eb47ef80}> (0x00000000eb47ef80) 
thrown [s\src\hotspot\share\prims\jni.cpp, line 516]
Event: 31.582 Thread 0x00000196da895220 Exception <a 'java/lang/NoSuchMethodError'{0x00000000eb1c36f0}: 'java.lang.Object java.lang.invoke.DirectMethodHandle$Holder.newInvokeSpecial(java.lang.Object, java.lang.Object, java.lang.Object, int)'> (0x00000000eb1c36f0) 
thrown [s\src\hotspot\share\interpreter\linkResolver.cpp, line 759]
Event: 31.583 Thread 0x00000196da895220 Exception <a 'java/lang/NoSuchMethodError'{0x00000000eb1c77f8}: 'java.lang.Object java.lang.invoke.DirectMethodHandle$Holder.invokeSpecial(java.lang.Object, java.lang.Object, java.lang.Object, java.lang.Object, int)'> (0x00000000eb1c77f8) 
thrown [s\src\hotspot\share\interpreter\linkResolver.cpp, line 759]
Event: 31.583 Thread 0x00000196da895220 Exception <a 'java/lang/NoSuchMethodError'{0x00000000eb1caf00}: 'java.lang.Object java.lang.invoke.Invokers$Holder.linkToTargetMethod(java.lang.Object, java.lang.Object, int, java.lang.Object)'> (0x00000000eb1caf00) 
thrown [s\src\hotspot\share\interpreter\linkResolver.cpp, line 759]
Event: 31.617 Thread 0x00000196da895220 Exception <a 'java/lang/NoSuchMethodError'{0x00000000eb2129f8}: 'java.lang.Object java.lang.invoke.DirectMethodHandle$Holder.newInvokeSpecial(java.lang.Object, java.lang.Object, int, java.lang.Object, java.lang.Object)'> (0x00000000eb2129f8) 
thrown [s\src\hotspot\share\interpreter\linkResolver.cpp, line 759]
Event: 31.618 Thread 0x00000196da895220 Exception <a 'java/lang/NoSuchMethodError'{0x00000000eb216c38}: 'java.lang.Object java.lang.invoke.DirectMethodHandle$Holder.invokeSpecial(java.lang.Object, java.lang.Object, java.lang.Object, int, java.lang.Object, java.lang.Object)'> (0x00000000eb216c38) 
thrown [s\src\hotspot\share\interpreter\linkResolver.cpp, line 759]
Event: 33.403 Thread 0x00000196da895220 Implicit null exception at 0x00000196cc1e85ec to 0x00000196cc1e8690

VM Operations (20 events):
Event: 29.728 Executing VM operation: ParallelGCFailedAllocation
Event: 29.732 Executing VM operation: ParallelGCFailedAllocation done
Event: 30.507 Executing VM operation: ParallelGCFailedAllocation
Event: 30.512 Executing VM operation: ParallelGCFailedAllocation done
Event: 30.819 Executing VM operation: ParallelGCFailedAllocation
Event: 30.824 Executing VM operation: ParallelGCFailedAllocation done
Event: 31.073 Executing VM operation: ParallelGCFailedAllocation
Event: 31.078 Executing VM operation: ParallelGCFailedAllocation done
Event: 31.280 Executing VM operation: ParallelGCFailedAllocation
Event: 31.286 Executing VM operation: ParallelGCFailedAllocation done
Event: 32.298 Executing VM operation: Cleanup
Event: 32.298 Executing VM operation: Cleanup done
Event: 32.673 Executing VM operation: ParallelGCFailedAllocation
Event: 32.679 Executing VM operation: ParallelGCFailedAllocation done
Event: 33.303 Executing VM operation: ParallelGCFailedAllocation
Event: 33.309 Executing VM operation: ParallelGCFailedAllocation done
Event: 33.788 Executing VM operation: ParallelGCFailedAllocation
Event: 33.792 Executing VM operation: ParallelGCFailedAllocation done
Event: 34.737 Executing VM operation: ParallelGCFailedAllocation
Event: 34.742 Executing VM operation: ParallelGCFailedAllocation done

Events (20 events):
Event: 26.663 Thread 0x00000196da8978a0 Thread added: 0x00000196da8978a0
Event: 26.663 loading class java/util/concurrent/CompletableFuture$UniAccept
Event: 26.663 loading class java/util/concurrent/CompletableFuture$UniAccept done
Event: 26.663 loading class java/util/concurrent/CompletableFuture$UniExceptionally
Event: 26.663 loading class java/util/concurrent/CompletableFuture$UniExceptionally done
Event: 26.719 Thread 0x00000196da894d50 Thread added: 0x00000196da894d50
Event: 28.078 loading class java/util/concurrent/CompletionException
Event: 28.078 loading class java/util/concurrent/CompletionException done
Event: 29.059 loading class java/util/zip/CheckedInputStream
Event: 29.060 loading class java/util/zip/CheckedInputStream done
Event: 29.223 loading class java/io/IOError
Event: 29.223 loading class java/io/IOError done
Event: 31.674 loading class java/util/Collections$2
Event: 31.674 loading class java/util/Collections$2 done
Event: 31.832 loading class java/text/DontCareFieldPosition
Event: 31.832 loading class java/text/DontCareFieldPosition done
Event: 31.832 loading class java/text/DontCareFieldPosition$1
Event: 31.833 loading class java/text/Format$FieldDelegate
Event: 31.833 loading class java/text/Format$FieldDelegate done
Event: 31.833 loading class java/text/DontCareFieldPosition$1 done


Dynamic libraries:
0x00007ff6b3a70000 - 0x00007ff6b3a7e000 	c:\Users\WINDOWS 10\.vscode\extensions\redhat.java-1.12.0-win32-x64\jre\17.0.4.1-win32-x86_64\bin\java.exe
0x00007ffa5a950000 - 0x00007ffa5ab48000 	C:\Windows\SYSTEM32\ntdll.dll
0x00007ffa59610000 - 0x00007ffa596cf000 	C:\Windows\System32\KERNEL32.DLL
0x00007ffa58050000 - 0x00007ffa58322000 	C:\Windows\System32\KERNELBASE.dll
0x00007ffa583f0000 - 0x00007ffa584f0000 	C:\Windows\System32\ucrtbase.dll
0x00007ffa4bb60000 - 0x00007ffa4bb78000 	c:\Users\WINDOWS 10\.vscode\extensions\redhat.java-1.12.0-win32-x64\jre\17.0.4.1-win32-x86_64\bin\jli.dll
0x00007ffa59000000 - 0x00007ffa5919d000 	C:\Windows\System32\USER32.dll
0x00007ffa586f0000 - 0x00007ffa58712000 	C:\Windows\System32\win32u.dll
0x00007ffa59500000 - 0x00007ffa5952b000 	C:\Windows\System32\GDI32.dll
0x00007ffa58890000 - 0x00007ffa5899f000 	C:\Windows\System32\gdi32full.dll
0x00007ffa58650000 - 0x00007ffa586ed000 	C:\Windows\System32\msvcp_win.dll
0x00007ffa46c10000 - 0x00007ffa46c29000 	c:\Users\WINDOWS 10\.vscode\extensions\redhat.java-1.12.0-win32-x64\jre\17.0.4.1-win32-x86_64\bin\VCRUNTIME140.dll
0x00007ffa49aa0000 - 0x00007ffa49d3a000 	C:\Windows\WinSxS\amd64_microsoft.windows.common-controls_6595b64144ccf1df_6.0.19041.1110_none_60b5254171f9507e\COMCTL32.dll
0x00007ffa59460000 - 0x00007ffa594fe000 	C:\Windows\System32\msvcrt.dll
0x00007ffa58e10000 - 0x00007ffa58e42000 	C:\Windows\System32\IMM32.DLL
0x00007ffa53330000 - 0x00007ffa5333c000 	c:\Users\WINDOWS 10\.vscode\extensions\redhat.java-1.12.0-win32-x64\jre\17.0.4.1-win32-x86_64\bin\vcruntime140_1.dll
0x00007ffa20020000 - 0x00007ffa200b1000 	c:\Users\WINDOWS 10\.vscode\extensions\redhat.java-1.12.0-win32-x64\jre\17.0.4.1-win32-x86_64\bin\msvcp140.dll
0x00007ffa174b0000 - 0x00007ffa180f6000 	c:\Users\WINDOWS 10\.vscode\extensions\redhat.java-1.12.0-win32-x64\jre\17.0.4.1-win32-x86_64\bin\server\jvm.dll
0x00007ffa5a7d0000 - 0x00007ffa5a87e000 	C:\Windows\System32\ADVAPI32.dll
0x00007ffa591a0000 - 0x00007ffa5923c000 	C:\Windows\System32\sechost.dll
0x00007ffa59e20000 - 0x00007ffa59f45000 	C:\Windows\System32\RPCRT4.dll
0x00007ffa59240000 - 0x00007ffa59248000 	C:\Windows\System32\PSAPI.DLL
0x00007ffa53310000 - 0x00007ffa53319000 	C:\Windows\SYSTEM32\WSOCK32.dll
0x00007ffa593f0000 - 0x00007ffa5945b000 	C:\Windows\System32\WS2_32.dll
0x00007ffa4bfe0000 - 0x00007ffa4bfea000 	C:\Windows\SYSTEM32\VERSION.dll
0x00007ffa49de0000 - 0x00007ffa49e07000 	C:\Windows\SYSTEM32\WINMM.dll
0x00007ffa55f30000 - 0x00007ffa55f42000 	C:\Windows\SYSTEM32\kernel.appcore.dll
0x00007ffa4bab0000 - 0x00007ffa4baba000 	c:\Users\WINDOWS 10\.vscode\extensions\redhat.java-1.12.0-win32-x64\jre\17.0.4.1-win32-x86_64\bin\jimage.dll
0x00007ffa4a820000 - 0x00007ffa4aa04000 	C:\Windows\SYSTEM32\DBGHELP.DLL
0x00007ffa4a500000 - 0x00007ffa4a52c000 	C:\Windows\SYSTEM32\dbgcore.DLL
0x00007ffa587d0000 - 0x00007ffa58852000 	C:\Windows\System32\bcryptPrimitives.dll
0x00007ffa4b460000 - 0x00007ffa4b46e000 	c:\Users\WINDOWS 10\.vscode\extensions\redhat.java-1.12.0-win32-x64\jre\17.0.4.1-win32-x86_64\bin\instrument.dll
0x00007ffa44490000 - 0x00007ffa444b5000 	c:\Users\WINDOWS 10\.vscode\extensions\redhat.java-1.12.0-win32-x64\jre\17.0.4.1-win32-x86_64\bin\java.dll
0x00007ffa448b0000 - 0x00007ffa448c8000 	c:\Users\WINDOWS 10\.vscode\extensions\redhat.java-1.12.0-win32-x64\jre\17.0.4.1-win32-x86_64\bin\zip.dll
0x00007ffa596d0000 - 0x00007ffa59e13000 	C:\Windows\System32\SHELL32.dll
0x00007ffa56130000 - 0x00007ffa568c2000 	C:\Windows\SYSTEM32\windows.storage.dll
0x00007ffa5a070000 - 0x00007ffa5a3c4000 	C:\Windows\System32\combase.dll
0x00007ffa579d0000 - 0x00007ffa57a00000 	C:\Windows\SYSTEM32\Wldp.dll
0x00007ffa5a4c0000 - 0x00007ffa5a56d000 	C:\Windows\System32\SHCORE.dll
0x00007ffa5a3d0000 - 0x00007ffa5a425000 	C:\Windows\System32\shlwapi.dll
0x00007ffa57f90000 - 0x00007ffa57faf000 	C:\Windows\SYSTEM32\profapi.dll
0x00007ffa44470000 - 0x00007ffa44489000 	C:\Users\WINDOWS 10\.vscode\extensions\redhat.java-1.12.0-win32-x64\jre\17.0.4.1-win32-x86_64\bin\net.dll
0x00007ffa512a0000 - 0x00007ffa513ac000 	C:\Windows\SYSTEM32\WINHTTP.dll
0x00007ffa57730000 - 0x00007ffa5779a000 	C:\Windows\system32\mswsock.dll
0x00007ffa442f0000 - 0x00007ffa44305000 	C:\Users\WINDOWS 10\.vscode\extensions\redhat.java-1.12.0-win32-x64\jre\17.0.4.1-win32-x86_64\bin\nio.dll
0x00007ffa4aea0000 - 0x00007ffa4aeb0000 	c:\Users\WINDOWS 10\.vscode\extensions\redhat.java-1.12.0-win32-x64\jre\17.0.4.1-win32-x86_64\bin\verify.dll
0x00007ffa3caf0000 - 0x00007ffa3cb2e000 	C:\Users\WINDOWS 10\AppData\Roaming\Code\User\globalStorage\redhat.java\1.12.0\config_win\org.eclipse.equinox.launcher\org.eclipse.equinox.launcher.win32.win32.x86_64_1.2.600.v20220720-1916\eclipse_11700.dll
0x00007ffa5a570000 - 0x00007ffa5a69a000 	C:\Windows\System32\ole32.dll
0x00007ffa57920000 - 0x00007ffa57938000 	C:\Windows\SYSTEM32\CRYPTSP.dll
0x00007ffa57050000 - 0x00007ffa57084000 	C:\Windows\system32\rsaenh.dll
0x00007ffa58860000 - 0x00007ffa58887000 	C:\Windows\System32\bcrypt.dll
0x00007ffa57f50000 - 0x00007ffa57f7e000 	C:\Windows\SYSTEM32\USERENV.dll
0x00007ffa57940000 - 0x00007ffa5794c000 	C:\Windows\SYSTEM32\CRYPTBASE.dll
0x00007ffa57420000 - 0x00007ffa5745b000 	C:\Windows\SYSTEM32\IPHLPAPI.DLL
0x00007ffa593e0000 - 0x00007ffa593e8000 	C:\Windows\System32\NSI.dll
0x00007ffa52360000 - 0x00007ffa52377000 	C:\Windows\SYSTEM32\dhcpcsvc6.DLL
0x00007ffa52340000 - 0x00007ffa5235d000 	C:\Windows\SYSTEM32\dhcpcsvc.DLL
0x00007ffa57460000 - 0x00007ffa5752a000 	C:\Windows\SYSTEM32\DNSAPI.dll
0x00007ffa43040000 - 0x00007ffa43080000 	C:\Users\WINDOWS 10\AppData\Local\Temp\jna--1946447620\jna3772758145307878266.dll

dbghelp: loaded successfully - version: 4.0.5 - missing functions: none
symbol engine: initialized successfully - sym options: 0x614 - pdb path: .;c:\Users\WINDOWS 10\.vscode\extensions\redhat.java-1.12.0-win32-x64\jre\17.0.4.1-win32-x86_64\bin;C:\Windows\SYSTEM32;C:\Windows\WinSxS\amd64_microsoft.windows.common-controls_6595b64144ccf1df_6.0.19041.1110_none_60b5254171f9507e;c:\Users\WINDOWS 10\.vscode\extensions\redhat.java-1.12.0-win32-x64\jre\17.0.4.1-win32-x86_64\bin\server;C:\Users\WINDOWS 10\AppData\Roaming\Code\User\globalStorage\redhat.java\1.12.0\config_win\org.eclipse.equinox.launcher\org.eclipse.equinox.launcher.win32.win32.x86_64_1.2.600.v20220720-1916;C:\Users\WINDOWS 10\AppData\Local\Temp\jna--1946447620

VM Arguments:
jvm_args: --add-modules=ALL-SYSTEM --add-opens=java.base/java.util=ALL-UNNAMED --add-opens=java.base/java.lang=ALL-UNNAMED --add-opens=java.base/sun.nio.fs=ALL-UNNAMED -Declipse.application=org.eclipse.jdt.ls.core.id1 -Dosgi.bundles.defaultStartLevel=4 -Declipse.product=org.eclipse.jdt.ls.core.product -Djava.import.generatesMetadataFilesAtProjectRoot=false -Dfile.encoding=utf8 -XX:+UseParallelGC -XX:GCTimeRatio=4 -XX:AdaptiveSizePolicyWeight=90 -Dsun.zip.disableMemoryMapping=true -Xmx1G -Xms100m -Xlog:disable -javaagent:c:\Users\WINDOWS 10\.vscode\extensions\redhat.java-1.12.0-win32-x64\lombok\lombok-1.18.24.jar -XX:+HeapDumpOnOutOfMemoryError -XX:HeapDumpPath=c:\Users\WINDOWS 10\AppData\Roaming\Code\User\workspaceStorage\6dc8f0c997d0f2d9e8ceb7b8c25e560c\redhat.java 
java_command: c:\Users\WINDOWS 10\.vscode\extensions\redhat.java-1.12.0-win32-x64\server\plugins\org.eclipse.equinox.launcher_1.6.400.v20210924-0641.jar -configuration c:\Users\WINDOWS 10\AppData\Roaming\Code\User\globalStorage\redhat.java\1.12.0\config_win -data c:\Users\WINDOWS 10\AppData\Roaming\Code\User\workspaceStorage\6dc8f0c997d0f2d9e8ceb7b8c25e560c\redhat.java\jdt_ws
java_class_path (initial): c:\Users\WINDOWS 10\.vscode\extensions\redhat.java-1.12.0-win32-x64\server\plugins\org.eclipse.equinox.launcher_1.6.400.v20210924-0641.jar
Launcher Type: SUN_STANDARD

[Global flags]
    uintx AdaptiveSizePolicyWeight                 = 90                                        {product} {command line}
     intx CICompilerCount                          = 3                                         {product} {ergonomic}
    uintx GCTimeRatio                              = 4                                         {product} {command line}
     bool HeapDumpOnOutOfMemoryError               = true                                   {manageable} {command line}
    ccstr HeapDumpPath                             = c:\Users\WINDOWS 10\AppData\Roaming\Code\User\workspaceStorage\6dc8f0c997d0f2d9e8ceb7b8c25e560c\redhat.java         {manageable} {command line}
   size_t InitialHeapSize                          = 104857600                                 {product} {command line}
   size_t MaxHeapSize                              = 1073741824                                {product} {command line}
   size_t MaxNewSize                               = 357564416                                 {product} {ergonomic}
   size_t MinHeapDeltaBytes                        = 524288                                    {product} {ergonomic}
   size_t MinHeapSize                              = 104857600                                 {product} {command line}
   size_t NewSize                                  = 34603008                                  {product} {ergonomic}
    uintx NonNMethodCodeHeapSize                   = 5832780                                {pd product} {ergonomic}
    uintx NonProfiledCodeHeapSize                  = 122912730                              {pd product} {ergonomic}
   size_t OldSize                                  = 70254592                                  {product} {ergonomic}
    uintx ProfiledCodeHeapSize                     = 122912730                              {pd product} {ergonomic}
    uintx ReservedCodeCacheSize                    = 251658240                              {pd product} {ergonomic}
     bool SegmentedCodeCache                       = true                                      {product} {ergonomic}
   size_t SoftMaxHeapSize                          = 1073741824                             {manageable} {ergonomic}
     bool UseCompressedClassPointers               = true                           {product lp64_product} {ergonomic}
     bool UseCompressedOops                        = true                           {product lp64_product} {ergonomic}
     bool UseLargePagesIndividualAllocation        = false                                  {pd product} {ergonomic}
     bool UseParallelGC                            = true                                      {product} {command line}

Logging:
Log output configuration:
 #0: stdout all=off uptime,level,tags
 #1: stderr all=off uptime,level,tags

Environment Variables:
JAVA_HOME=C:\Program Files\Java\zulu17.38.21-ca-jdk17.0.5-win_x64
PATH=C:\Program Files\Java\zulu17.38.21-ca-jdk17.0.5-win_x64\bin;C:\Program Files\Common Files\Oracle\Java\javapath;C:\ProgramData\Oracle\Java\javapath;C:\Program Files (x86)\Common Files\Oracle\Java\javapath;C:\Windows\system32;C:\Windows;C:\Windows\System32\Wbem;C:\Windows\System32\WindowsPowerShell\v1.0\;C:\Windows\System32\OpenSSH\;C:\Program Files\Git\cmd;C:\Program Files\Java\jdk-11.0.14\bin;C:\Work\Apps\apache-maven-3.8.5\bin;C:\Work\Apps\gradle-7.4.2\bin;C:\Work\Apps\Android\android-sdk\platform-tools;C:\Work\Apps\Android\android-sdk\tools;C:\Work\Apps\nvm;C:\Work\Apps\nodejs;C:\Program Files\MySQL\MySQL Shell 8.0\bin\;C:\Users\WINDOWS 10\AppData\Local\Microsoft\WindowsApps;C:\Work\Apps\nvm;C:\Work\Apps\nodejs;C:\Users\WINDOWS 10\AppData\Local\Programs\Microsoft VS Code\bin;C:\Program Files\heroku\bin
USERNAME=WINDOWS 10
OS=Windows_NT
PROCESSOR_IDENTIFIER=Intel64 Family 6 Model 42 Stepping 7, GenuineIntel
TMP=C:\Users\WINDOW~1\AppData\Local\Temp
TEMP=C:\Users\WINDOW~1\AppData\Local\Temp



---------------  S Y S T E M  ---------------

OS:
 Windows 10 , 64 bit Build 19041 (10.0.19041.2251)
OS uptime: 0 days 8:20 hours

CPU: total 4 (initial active 4) (2 cores per cpu, 2 threads per core) family 6 model 42 stepping 7 microcode 0x2f, cx8, cmov, fxsr, ht, mmx, sse, sse2, sse3, ssse3, sse4.1, sse4.2, popcnt, tsc, tscinvbit, avx, clmul, vzeroupper, clflush

Memory: 4k page, system-wide physical 1942M (289M free)
TotalPageFile size 7830M (AvailPageFile size 0M)
current process WorkingSet (physical memory assigned to process): 152M, peak: 153M
current process commit charge ("private bytes"): 273M, peak: 278M

vm_info: OpenJDK 64-Bit Server VM (17.0.4.1+1) for windows-amd64 JRE (17.0.4.1+1), built on Aug 17 2022 07:42:43 by "temurin" with MS VC++ 16.7 (VS2019)

END.
