#
# There is insufficient memory for the Java Runtime Environment to continue.
# Native memory allocation (malloc) failed to allocate 405344 bytes for Chunk::new
# Possible reasons:
#   The system is out of physical RAM or swap space
#   The process is running with CompressedOops enabled, and the Java Heap may be blocking the growth of the native heap
# Possible solutions:
#   Reduce memory load on the system
#   Increase physical memory or swap space
#   Check if swap backing store is full
#   Decrease Java heap size (-Xmx/-Xms)
#   Decrease number of Java threads
#   Decrease Java thread stack sizes (-Xss)
#   Set larger code cache with -XX:ReservedCodeCacheSize=
#   JVM is running with Unscaled Compressed Oops mode in which the Java heap is
#     placed in the first 4GB address space. The Java Heap base address is the
#     maximum limit for the native heap growth. Please use -XX:HeapBaseMinAddress
#     to set the Java Heap base and to place the Java Heap above 4GB virtual address.
# This output file may be truncated or incomplete.
#
#  Out of Memory Error (arena.cpp:189), pid=6436, tid=8596
#
# JRE version: OpenJDK Runtime Environment Temurin-17.0.4.1+1 (17.0.4.1+1) (build 17.0.4.1+1)
# Java VM: OpenJDK 64-Bit Server VM Temurin-17.0.4.1+1 (17.0.4.1+1, mixed mode, tiered, compressed oops, compressed class ptrs, parallel gc, windows-amd64)
# No core dump will be written. Minidumps are not enabled by default on client versions of Windows
#

---------------  S U M M A R Y ------------

Command Line: --add-modules=ALL-SYSTEM --add-opens=java.base/java.util=ALL-UNNAMED --add-opens=java.base/java.lang=ALL-UNNAMED --add-opens=java.base/sun.nio.fs=ALL-UNNAMED -Declipse.application=org.eclipse.jdt.ls.core.id1 -Dosgi.bundles.defaultStartLevel=4 -Declipse.product=org.eclipse.jdt.ls.core.product -Djava.import.generatesMetadataFilesAtProjectRoot=false -Dfile.encoding=utf8 -XX:+UseParallelGC -XX:GCTimeRatio=4 -XX:AdaptiveSizePolicyWeight=90 -Dsun.zip.disableMemoryMapping=true -Xmx1G -Xms100m -Xlog:disable -javaagent:c:\Users\WINDOWS 10\.vscode\extensions\redhat.java-1.12.0-win32-x64\lombok\lombok-1.18.24.jar -XX:+HeapDumpOnOutOfMemoryError -XX:HeapDumpPath=c:\Users\WINDOWS 10\AppData\Roaming\Code\User\workspaceStorage\6dc8f0c997d0f2d9e8ceb7b8c25e560c\redhat.java c:\Users\WINDOWS 10\.vscode\extensions\redhat.java-1.12.0-win32-x64\server\plugins\org.eclipse.equinox.launcher_1.6.400.v20210924-0641.jar -configuration c:\Users\WINDOWS 10\AppData\Roaming\Code\User\globalStorage\redhat.java\1.12.0\config_win -data c:\Users\WINDOWS 10\AppData\Roaming\Code\User\workspaceStorage\6dc8f0c997d0f2d9e8ceb7b8c25e560c\redhat.java\jdt_ws

Host: Intel(R) Core(TM) i3-2100 CPU @ 3.10GHz, 4 cores, 1G,  Windows 10 , 64 bit Build 19041 (10.0.19041.2251)
Time: Tue Nov 22 15:11:39 2022 Hora oficial do Brasil elapsed time: 8.925554 seconds (0d 0h 0m 8s)

---------------  T H R E A D  ---------------

Current thread (0x000001733b592850):  JavaThread "C2 CompilerThread0" daemon [_thread_in_native, id=8596, stack(0x0000003e1e600000,0x0000003e1e700000)]


Current CompileTask:
C2:   8925 2243       4       java.io.DataInputStream::readUTF (501 bytes)

Stack: [0x0000003e1e600000,0x0000003e1e700000]
Native frames: (J=compiled Java code, j=interpreted, Vv=VM code, C=native code)
V  [jvm.dll+0x67731a]
V  [jvm.dll+0x832284]
V  [jvm.dll+0x833a2e]
V  [jvm.dll+0x834093]
V  [jvm.dll+0x245775]
V  [jvm.dll+0xabd7b]
V  [jvm.dll+0xac30c]
V  [jvm.dll+0x363a97]
V  [jvm.dll+0x32e011]
V  [jvm.dll+0x32d4ba]
V  [jvm.dll+0x218681]
V  [jvm.dll+0x217aa1]
V  [jvm.dll+0x1a3f8d]
V  [jvm.dll+0x227498]
V  [jvm.dll+0x2255e5]
V  [jvm.dll+0x7e7e9b]
V  [jvm.dll+0x7e240a]
V  [jvm.dll+0x6761a5]
C  [ucrtbase.dll+0x21bb2]
C  [KERNEL32.DLL+0x174b4]
C  [ntdll.dll+0x526a1]


---------------  P R O C E S S  ---------------

Threads class SMR info:
_java_thread_list=0x000001733d9a47f0, length=18, elements={
0x000001732773f8d0, 0x000001733b55db50, 0x000001733b55f3e0, 0x000001733b58da20,
0x000001733b58e6a0, 0x000001733b590230, 0x000001733b591c60, 0x000001733b592850,
0x000001733b5dd0f0, 0x000001733cf1afa0, 0x00000173277fbc40, 0x000001733d158c40,
0x000001733d8782b0, 0x000001733d838630, 0x000001733d7183f0, 0x000001733da361d0,
0x000001733e590020, 0x000001733e572090
}

Java Threads: ( => current thread )
  0x000001732773f8d0 JavaThread "main" [_thread_blocked, id=7540, stack(0x0000003e1dd00000,0x0000003e1de00000)]
  0x000001733b55db50 JavaThread "Reference Handler" daemon [_thread_blocked, id=7284, stack(0x0000003e1e000000,0x0000003e1e100000)]
  0x000001733b55f3e0 JavaThread "Finalizer" daemon [_thread_blocked, id=664, stack(0x0000003e1e100000,0x0000003e1e200000)]
  0x000001733b58da20 JavaThread "Signal Dispatcher" daemon [_thread_blocked, id=6048, stack(0x0000003e1e200000,0x0000003e1e300000)]
  0x000001733b58e6a0 JavaThread "Attach Listener" daemon [_thread_blocked, id=12132, stack(0x0000003e1e300000,0x0000003e1e400000)]
  0x000001733b590230 JavaThread "Service Thread" daemon [_thread_blocked, id=8536, stack(0x0000003e1e400000,0x0000003e1e500000)]
  0x000001733b591c60 JavaThread "Monitor Deflation Thread" daemon [_thread_blocked, id=7980, stack(0x0000003e1e500000,0x0000003e1e600000)]
=>0x000001733b592850 JavaThread "C2 CompilerThread0" daemon [_thread_in_native, id=8596, stack(0x0000003e1e600000,0x0000003e1e700000)]
  0x000001733b5dd0f0 JavaThread "C1 CompilerThread0" daemon [_thread_blocked, id=11316, stack(0x0000003e1e700000,0x0000003e1e800000)]
  0x000001733cf1afa0 JavaThread "Sweeper thread" daemon [_thread_blocked, id=10704, stack(0x0000003e1e800000,0x0000003e1e900000)]
  0x00000173277fbc40 JavaThread "Common-Cleaner" daemon [_thread_blocked, id=8356, stack(0x0000003e1e900000,0x0000003e1ea00000)]
  0x000001733d158c40 JavaThread "Notification Thread" daemon [_thread_blocked, id=9788, stack(0x0000003e1ea00000,0x0000003e1eb00000)]
  0x000001733d8782b0 JavaThread "Active Thread: Equinox Container: ac2b18f0-3035-4ad6-ab5e-02f97314676a" [_thread_blocked, id=11900, stack(0x0000003e1ef00000,0x0000003e1f000000)]
  0x000001733d838630 JavaThread "Framework Event Dispatcher: Equinox Container: ac2b18f0-3035-4ad6-ab5e-02f97314676a" daemon [_thread_blocked, id=6340, stack(0x0000003e1f000000,0x0000003e1f100000)]
  0x000001733d7183f0 JavaThread "Start Level: Equinox Container: ac2b18f0-3035-4ad6-ab5e-02f97314676a" daemon [_thread_in_native, id=1992, stack(0x0000003e1f100000,0x0000003e1f200000)]
  0x000001733da361d0 JavaThread "SCR Component Actor" daemon [_thread_blocked, id=2544, stack(0x0000003e1f200000,0x0000003e1f300000)]
  0x000001733e590020 JavaThread "SCR Component Registry" daemon [_thread_blocked, id=9556, stack(0x0000003e1f300000,0x0000003e1f400000)]
  0x000001733e572090 JavaThread "Worker-JM" [_thread_blocked, id=11872, stack(0x0000003e1f400000,0x0000003e1f500000)]

Other Threads:
  0x000001733b547e90 VMThread "VM Thread" [stack: 0x0000003e1df00000,0x0000003e1e000000] [id=11292]
  0x000001733d1ad750 WatcherThread [stack: 0x0000003e1eb00000,0x0000003e1ec00000] [id=12096]
  0x0000017327754940 GCTaskThread "GC Thread#0" [stack: 0x0000003e1de00000,0x0000003e1df00000] [id=11388]
  0x000001733d5a7300 GCTaskThread "GC Thread#1" [stack: 0x0000003e1ec00000,0x0000003e1ed00000] [id=6484]
  0x000001733d639ce0 GCTaskThread "GC Thread#2" [stack: 0x0000003e1ed00000,0x0000003e1ee00000] [id=7864]
  0x000001733d639f90 GCTaskThread "GC Thread#3" [stack: 0x0000003e1ee00000,0x0000003e1ef00000] [id=7808]

Threads with active compile tasks:
C2 CompilerThread0     9011 2243       4       java.io.DataInputStream::readUTF (501 bytes)

VM state: not at safepoint (normal execution)

VM Mutex/Monitor currently owned by a thread: None

Heap address: 0x00000000c0000000, size: 1024 MB, Compressed Oops mode: 32-bit

CDS archive(s) not mapped
Compressed class space mapped at: 0x0000000100000000-0x0000000140000000, reserved size: 1073741824
Narrow klass base: 0x0000000000000000, Narrow klass shift: 3, Narrow klass range: 0x140000000

GC Precious Log:
 CPUs: 4 total, 4 available
 Memory: 1942M
 Large Page Support: Disabled
 NUMA Support: Disabled
 Compressed Oops: Enabled (32-bit)
 Alignments: Space 512K, Generation 512K, Heap 2M
 Heap Min Capacity: 100M
 Heap Initial Capacity: 100M
 Heap Max Capacity: 1G
 Pre-touch: Disabled
 Parallel Workers: 4

Heap:
 PSYoungGen      total 29696K, used 8118K [0x00000000eab00000, 0x00000000ecc00000, 0x0000000100000000)
  eden space 25600K, 15% used [0x00000000eab00000,0x00000000eaeefbf0,0x00000000ec400000)
  from space 4096K, 99% used [0x00000000ec400000,0x00000000ec7fdd90,0x00000000ec800000)
  to   space 4096K, 0% used [0x00000000ec800000,0x00000000ec800000,0x00000000ecc00000)
 ParOldGen       total 68608K, used 3632K [0x00000000c0000000, 0x00000000c4300000, 0x00000000eab00000)
  object space 68608K, 5% used [0x00000000c0000000,0x00000000c038c2f8,0x00000000c4300000)
 Metaspace       used 20374K, committed 20864K, reserved 1073152K
  class space    used 2071K, committed 2304K, reserved 1048576K

Card table byte_map: [0x0000017327130000,0x0000017327340000] _byte_map_base: 0x0000017326b30000

Marking Bits: (ParMarkBitMap*) 0x00007ffa18032cc0
 Begin Bits: [0x00000173393e0000, 0x000001733a3e0000)
 End Bits:   [0x000001733a3e0000, 0x000001733b3e0000)

Polling page: 0x0000017326f20000

Metaspace:

Usage:
  Non-class:     17.87 MB used.
      Class:      2.02 MB used.
       Both:     19.90 MB used.

Virtual space:
  Non-class space:       24.00 MB reserved,      18.12 MB ( 76%) committed,  3 nodes.
      Class space:        1.00 GB reserved,       2.25 MB ( <1%) committed,  1 nodes.
             Both:        1.02 GB reserved,      20.38 MB (  2%) committed. 

Chunk freelists:
   Non-Class:  1.17 MB
       Class:  1.79 MB
        Both:  2.96 MB

MaxMetaspaceSize: unlimited
CompressedClassSpaceSize: 1.00 GB
Initial GC threshold: 21.00 MB
Current GC threshold: 21.00 MB
CDS: off
MetaspaceReclaimPolicy: balanced
 - commit_granule_bytes: 65536.
 - commit_granule_words: 8192.
 - virtual_space_node_default_size: 1048576.
 - enlarge_chunks_in_place: 1.
 - new_chunks_are_fully_committed: 0.
 - uncommit_free_chunks: 1.
 - use_allocation_guard: 0.
 - handle_deallocations: 1.


Internal statistics:

num_allocs_failed_limit: 0.
num_arena_births: 166.
num_arena_deaths: 0.
num_vsnodes_births: 4.
num_vsnodes_deaths: 0.
num_space_committed: 326.
num_space_uncommitted: 0.
num_chunks_returned_to_freelist: 0.
num_chunks_taken_from_freelist: 610.
num_chunk_merges: 0.
num_chunk_splits: 412.
num_chunks_enlarged: 291.
num_purges: 0.
num_inconsistent_stats: 0.

CodeHeap 'non-profiled nmethods': size=120000Kb used=843Kb max_used=843Kb free=119156Kb
 bounds [0x0000017331eb0000, 0x0000017332120000, 0x00000173393e0000]
CodeHeap 'profiled nmethods': size=120000Kb used=4574Kb max_used=4574Kb free=115425Kb
 bounds [0x000001732a980000, 0x000001732ae00000, 0x0000017331eb0000]
CodeHeap 'non-nmethods': size=5760Kb used=1186Kb max_used=1200Kb free=4573Kb
 bounds [0x000001732a3e0000, 0x000001732a650000, 0x000001732a980000]
 total_blobs=2744 nmethods=2259 adapters=399
 compilation: enabled
              stopped_count=0, restarted_count=0
 full_count=0

Compilation events (20 events):
Event: 8.893 Thread 0x000001733b5dd0f0 2244       3       org.eclipse.core.internal.dtree.DataTreeReader::readNumber (35 bytes)
Event: 8.894 Thread 0x000001733b5dd0f0 nmethod 2244 0x000001732adec590 code [0x000001732adec740, 0x000001732adeca18]
Event: 8.895 Thread 0x000001733b5dd0f0 2246       3       org.eclipse.core.runtime.Assert::isNotNull (7 bytes)
Event: 8.895 Thread 0x000001733b5dd0f0 nmethod 2246 0x000001732adecb10 code [0x000001732adecca0, 0x000001732adecdc8]
Event: 8.895 Thread 0x000001733b5dd0f0 2247       3       org.eclipse.core.runtime.Assert::isNotNull (29 bytes)
Event: 8.895 Thread 0x000001733b5dd0f0 nmethod 2247 0x000001732adece90 code [0x000001732aded0a0, 0x000001732aded648]
Event: 8.896 Thread 0x000001733b5dd0f0 2248       3       org.eclipse.core.runtime.Path::equals (122 bytes)
Event: 8.896 Thread 0x000001733b5dd0f0 nmethod 2248 0x000001732aded890 code [0x000001732adedaa0, 0x000001732adee238]
Event: 8.898 Thread 0x000001733b5dd0f0 2249       3       jdk.internal.misc.Unsafe::getAndAddLong (27 bytes)
Event: 8.898 Thread 0x000001733b5dd0f0 nmethod 2249 0x000001732adee490 code [0x000001732adee640, 0x000001732adee888]
Event: 8.900 Thread 0x000001733b5dd0f0 2251       3       org.eclipse.core.runtime.Path::<init> (37 bytes)
Event: 8.900 Thread 0x000001733b5dd0f0 nmethod 2251 0x000001732adee990 code [0x000001732adeeb20, 0x000001732adeecf8]
Event: 8.903 Thread 0x000001733b5dd0f0 2252       3       org.eclipse.core.runtime.Path::append (150 bytes)
Event: 8.905 Thread 0x000001733b5dd0f0 nmethod 2252 0x000001732adeee10 code [0x000001732adef120, 0x000001732adf0228]
Event: 8.911 Thread 0x000001733b5dd0f0 2253       3       java.lang.invoke.MethodHandleNatives::isCallerSensitive (29 bytes)
Event: 8.912 Thread 0x000001733b5dd0f0 nmethod 2253 0x000001732adf0710 code [0x000001732adf0900, 0x000001732adf0e88]
Event: 8.912 Thread 0x000001733b5dd0f0 2254       3       java.lang.invoke.MethodHandleNatives::canBeCalledVirtual (50 bytes)
Event: 8.913 Thread 0x000001733b5dd0f0 nmethod 2254 0x000001732adf1090 code [0x000001732adf1280, 0x000001732adf1748]
Event: 8.913 Thread 0x000001733b5dd0f0 2255       3       java.lang.invoke.AbstractValidatingLambdaMetafactory::isAdaptableTo (126 bytes)
Event: 8.914 Thread 0x000001733b5dd0f0 nmethod 2255 0x000001732adf1910 code [0x000001732adf1ba0, 0x000001732adf25e8]

GC Heap History (6 events):
Event: 4.310 GC heap before
{Heap before GC invocations=1 (full 0):
 PSYoungGen      total 29696K, used 25600K [0x00000000eab00000, 0x00000000ecc00000, 0x0000000100000000)
  eden space 25600K, 100% used [0x00000000eab00000,0x00000000ec400000,0x00000000ec400000)
  from space 4096K, 0% used [0x00000000ec800000,0x00000000ec800000,0x00000000ecc00000)
  to   space 4096K, 0% used [0x00000000ec400000,0x00000000ec400000,0x00000000ec800000)
 ParOldGen       total 68608K, used 0K [0x00000000c0000000, 0x00000000c4300000, 0x00000000eab00000)
  object space 68608K, 0% used [0x00000000c0000000,0x00000000c0000000,0x00000000c4300000)
 Metaspace       used 10822K, committed 11008K, reserved 1064960K
  class space    used 1083K, committed 1152K, reserved 1048576K
}
Event: 4.326 GC heap after
{Heap after GC invocations=1 (full 0):
 PSYoungGen      total 29696K, used 3310K [0x00000000eab00000, 0x00000000ecc00000, 0x0000000100000000)
  eden space 25600K, 0% used [0x00000000eab00000,0x00000000eab00000,0x00000000ec400000)
  from space 4096K, 80% used [0x00000000ec400000,0x00000000ec73bb28,0x00000000ec800000)
  to   space 4096K, 0% used [0x00000000ec800000,0x00000000ec800000,0x00000000ecc00000)
 ParOldGen       total 68608K, used 0K [0x00000000c0000000, 0x00000000c4300000, 0x00000000eab00000)
  object space 68608K, 0% used [0x00000000c0000000,0x00000000c0000000,0x00000000c4300000)
 Metaspace       used 10822K, committed 11008K, reserved 1064960K
  class space    used 1083K, committed 1152K, reserved 1048576K
}
Event: 6.694 GC heap before
{Heap before GC invocations=2 (full 0):
 PSYoungGen      total 29696K, used 28910K [0x00000000eab00000, 0x00000000ecc00000, 0x0000000100000000)
  eden space 25600K, 100% used [0x00000000eab00000,0x00000000ec400000,0x00000000ec400000)
  from space 4096K, 80% used [0x00000000ec400000,0x00000000ec73bb28,0x00000000ec800000)
  to   space 4096K, 0% used [0x00000000ec800000,0x00000000ec800000,0x00000000ecc00000)
 ParOldGen       total 68608K, used 0K [0x00000000c0000000, 0x00000000c4300000, 0x00000000eab00000)
  object space 68608K, 0% used [0x00000000c0000000,0x00000000c0000000,0x00000000c4300000)
 Metaspace       used 14795K, committed 15104K, reserved 1064960K
  class space    used 1504K, committed 1664K, reserved 1048576K
}
Event: 6.703 GC heap after
{Heap after GC invocations=2 (full 0):
 PSYoungGen      total 29696K, used 4077K [0x00000000eab00000, 0x00000000ecc00000, 0x0000000100000000)
  eden space 25600K, 0% used [0x00000000eab00000,0x00000000eab00000,0x00000000ec400000)
  from space 4096K, 99% used [0x00000000ec800000,0x00000000ecbfb708,0x00000000ecc00000)
  to   space 4096K, 0% used [0x00000000ec400000,0x00000000ec400000,0x00000000ec800000)
 ParOldGen       total 68608K, used 1358K [0x00000000c0000000, 0x00000000c4300000, 0x00000000eab00000)
  object space 68608K, 1% used [0x00000000c0000000,0x00000000c0153b90,0x00000000c4300000)
 Metaspace       used 14795K, committed 15104K, reserved 1064960K
  class space    used 1504K, committed 1664K, reserved 1048576K
}
Event: 8.453 GC heap before
{Heap before GC invocations=3 (full 0):
 PSYoungGen      total 29696K, used 29677K [0x00000000eab00000, 0x00000000ecc00000, 0x0000000100000000)
  eden space 25600K, 100% used [0x00000000eab00000,0x00000000ec400000,0x00000000ec400000)
  from space 4096K, 99% used [0x00000000ec800000,0x00000000ecbfb708,0x00000000ecc00000)
  to   space 4096K, 0% used [0x00000000ec400000,0x00000000ec400000,0x00000000ec800000)
 ParOldGen       total 68608K, used 1358K [0x00000000c0000000, 0x00000000c4300000, 0x00000000eab00000)
  object space 68608K, 1% used [0x00000000c0000000,0x00000000c0153b90,0x00000000c4300000)
 Metaspace       used 19759K, committed 20224K, reserved 1073152K
  class space    used 2002K, committed 2176K, reserved 1048576K
}
Event: 8.464 GC heap after
{Heap after GC invocations=3 (full 0):
 PSYoungGen      total 29696K, used 4087K [0x00000000eab00000, 0x00000000ecc00000, 0x0000000100000000)
  eden space 25600K, 0% used [0x00000000eab00000,0x00000000eab00000,0x00000000ec400000)
  from space 4096K, 99% used [0x00000000ec400000,0x00000000ec7fdd90,0x00000000ec800000)
  to   space 4096K, 0% used [0x00000000ec800000,0x00000000ec800000,0x00000000ecc00000)
 ParOldGen       total 68608K, used 3632K [0x00000000c0000000, 0x00000000c4300000, 0x00000000eab00000)
  object space 68608K, 5% used [0x00000000c0000000,0x00000000c038c2f8,0x00000000c4300000)
 Metaspace       used 19759K, committed 20224K, reserved 1073152K
  class space    used 2002K, committed 2176K, reserved 1048576K
}

Deoptimization events (20 events):
Event: 8.345 Thread 0x000001733d7183f0 Uncommon trap: trap_request=0xffffff45 fr.pc=0x0000017331f7805c relative=0x0000000000000e1c
Event: 8.345 Thread 0x000001733d7183f0 Uncommon trap: reason=unstable_if action=reinterpret pc=0x0000017331f7805c method=java.util.Properties.loadConvert([CIILjava/lang/StringBuilder;)Ljava/lang/String; @ 491 c2
Event: 8.345 Thread 0x000001733d7183f0 DEOPT PACKING pc=0x0000017331f7805c sp=0x0000003e1f1f78e0
Event: 8.345 Thread 0x000001733d7183f0 DEOPT UNPACKING pc=0x000001732a4320a3 sp=0x0000003e1f1f78d0 mode 2
Event: 8.866 Thread 0x000001733d7183f0 Uncommon trap: trap_request=0xffffffc6 fr.pc=0x0000017331f69088 relative=0x00000000000019e8
Event: 8.866 Thread 0x000001733d7183f0 Uncommon trap: reason=bimorphic_or_optimized_type_check action=maybe_recompile pc=0x0000017331f69088 method=java.io.DataInputStream.readUnsignedShort()I @ 4 c2
Event: 8.866 Thread 0x000001733d7183f0 DEOPT PACKING pc=0x0000017331f69088 sp=0x0000003e1f1f9550
Event: 8.866 Thread 0x000001733d7183f0 DEOPT UNPACKING pc=0x000001732a4320a3 sp=0x0000003e1f1f94c8 mode 2
Event: 8.876 Thread 0x000001733d7183f0 Uncommon trap: trap_request=0xffffffc6 fr.pc=0x0000017331f69088 relative=0x00000000000019e8
Event: 8.876 Thread 0x000001733d7183f0 Uncommon trap: reason=bimorphic_or_optimized_type_check action=maybe_recompile pc=0x0000017331f69088 method=java.io.DataInputStream.readUnsignedShort()I @ 4 c2
Event: 8.876 Thread 0x000001733d7183f0 DEOPT PACKING pc=0x0000017331f69088 sp=0x0000003e1f1f94c0
Event: 8.876 Thread 0x000001733d7183f0 DEOPT UNPACKING pc=0x000001732a4320a3 sp=0x0000003e1f1f9438 mode 2
Event: 8.876 Thread 0x000001733d7183f0 Uncommon trap: trap_request=0xffffffc6 fr.pc=0x0000017331f69088 relative=0x00000000000019e8
Event: 8.876 Thread 0x000001733d7183f0 Uncommon trap: reason=bimorphic_or_optimized_type_check action=maybe_recompile pc=0x0000017331f69088 method=java.io.DataInputStream.readUnsignedShort()I @ 4 c2
Event: 8.876 Thread 0x000001733d7183f0 DEOPT PACKING pc=0x0000017331f69088 sp=0x0000003e1f1f94c0
Event: 8.876 Thread 0x000001733d7183f0 DEOPT UNPACKING pc=0x000001732a4320a3 sp=0x0000003e1f1f9438 mode 2
Event: 8.880 Thread 0x000001733d7183f0 Uncommon trap: trap_request=0xffffffc6 fr.pc=0x0000017331f69088 relative=0x00000000000019e8
Event: 8.880 Thread 0x000001733d7183f0 Uncommon trap: reason=bimorphic_or_optimized_type_check action=maybe_recompile pc=0x0000017331f69088 method=java.io.DataInputStream.readUnsignedShort()I @ 4 c2
Event: 8.880 Thread 0x000001733d7183f0 DEOPT PACKING pc=0x0000017331f69088 sp=0x0000003e1f1f94c0
Event: 8.880 Thread 0x000001733d7183f0 DEOPT UNPACKING pc=0x000001732a4320a3 sp=0x0000003e1f1f9438 mode 2

Classes unloaded (0 events):
No events

Classes redefined (0 events):
No events

Internal exceptions (20 events):
Event: 4.113 Thread 0x000001732773f8d0 Exception <a 'java/lang/NoSuchMethodError'{0x00000000ec280650}: 'void java.lang.invoke.DirectMethodHandle$Holder.invokeStaticInit(java.lang.Object, java.lang.Object)'> (0x00000000ec280650) 
thrown [s\src\hotspot\share\interpreter\linkResolver.cpp, line 759]
Event: 4.116 Thread 0x000001732773f8d0 Exception <a 'java/lang/NoSuchMethodError'{0x00000000ec287cb0}: 'int java.lang.invoke.DirectMethodHandle$Holder.invokeStaticInit(java.lang.Object, java.lang.Object)'> (0x00000000ec287cb0) 
thrown [s\src\hotspot\share\interpreter\linkResolver.cpp, line 759]
Event: 4.292 Thread 0x000001732773f8d0 Exception <a 'java/lang/NoSuchMethodError'{0x00000000ec3cea48}: 'void java.lang.invoke.DirectMethodHandle$Holder.invokeSpecial(java.lang.Object, java.lang.Object, java.lang.Object)'> (0x00000000ec3cea48) 
thrown [s\src\hotspot\share\interpreter\linkResolver.cpp, line 759]
Event: 5.339 Thread 0x000001732773f8d0 Exception <a 'java/lang/NoSuchMethodError'{0x00000000eb7e7588}: 'java.lang.Object java.lang.invoke.DirectMethodHandle$Holder.newInvokeSpecial(java.lang.Object, int, java.lang.Object)'> (0x00000000eb7e7588) 
thrown [s\src\hotspot\share\interpreter\linkResolver.cpp, line 759]
Event: 6.257 Thread 0x000001732773f8d0 Exception <a 'java/lang/UnsatisfiedLinkError'{0x00000000ebd6e1c8}: 'void org.eclipse.equinox.launcher.JNIBridge._update_splash()'> (0x00000000ebd6e1c8) 
thrown [s\src\hotspot\share\prims\nativeLookup.cpp, line 543]
Event: 6.412 Thread 0x000001733d7183f0 Exception <a 'java/lang/NoSuchMethodError'{0x00000000ebff0770}: 'java.lang.Object java.lang.invoke.DirectMethodHandle$Holder.invokeStaticInit(java.lang.Object)'> (0x00000000ebff0770) 
thrown [s\src\hotspot\share\interpreter\linkResolver.cpp, line 759]
Event: 7.181 Thread 0x000001733d7183f0 Exception <a 'java/io/FileNotFoundException'{0x00000000eb2ee9d8}> (0x00000000eb2ee9d8) 
thrown [s\src\hotspot\share\prims\jni.cpp, line 516]
Event: 7.225 Thread 0x000001733d7183f0 Exception <a 'java/lang/NullPointerException'{0x00000000eb344770}> (0x00000000eb344770) 
thrown [s\src\hotspot\share\interpreter\linkResolver.cpp, line 1350]
Event: 7.225 Thread 0x000001733d7183f0 Exception <a 'java/lang/NullPointerException'{0x00000000eb344f98}> (0x00000000eb344f98) 
thrown [s\src\hotspot\share\interpreter\linkResolver.cpp, line 1350]
Event: 7.787 Thread 0x000001733d7183f0 Exception <a 'java/lang/NoSuchMethodError'{0x00000000ebcc9df0}: 'void java.lang.invoke.DirectMethodHandle$Holder.invokeInterface(java.lang.Object, java.lang.Object, java.lang.Object)'> (0x00000000ebcc9df0) 
thrown [s\src\hotspot\share\interpreter\linkResolver.cpp, line 759]
Event: 7.956 Thread 0x000001733d7183f0 Exception <a 'java/lang/NoSuchMethodError'{0x00000000ebff0900}: 'java.lang.Object java.lang.invoke.Invokers$Holder.invokeExact_MT(java.lang.Object, java.lang.Object, java.lang.Object, java.lang.Object, java.lang.Object, java.lang.Object)'> (0x00000000ebff0900) 
thrown [s\src\hotspot\share\interpreter\linkResolver.cpp, line 759]
Event: 8.034 Thread 0x000001733d7183f0 Exception <a 'java/lang/NoSuchMethodError'{0x00000000ec0d44d0}: 'java.lang.Object java.lang.invoke.DirectMethodHandle$Holder.invokeStatic(java.lang.Object, java.lang.Object, int)'> (0x00000000ec0d44d0) 
thrown [s\src\hotspot\share\interpreter\linkResolver.cpp, line 759]
Event: 8.035 Thread 0x000001733d7183f0 Exception <a 'java/lang/NoSuchMethodError'{0x00000000ec0d9080}: 'void java.lang.invoke.DirectMethodHandle$Holder.invokeStatic(java.lang.Object, java.lang.Object, int, java.lang.Object)'> (0x00000000ec0d9080) 
thrown [s\src\hotspot\share\interpreter\linkResolver.cpp, line 759]
Event: 8.036 Thread 0x000001733d7183f0 Exception <a 'java/lang/NoSuchMethodError'{0x00000000ec0e07b0}: 'void java.lang.invoke.DelegatingMethodHandle$Holder.delegate(java.lang.Object, java.lang.Object, int, java.lang.Object)'> (0x00000000ec0e07b0) 
thrown [s\src\hotspot\share\interpreter\linkResolver.cpp, line 759]
Event: 8.038 Thread 0x000001733d7183f0 Exception <a 'java/lang/NoSuchMethodError'{0x00000000ec0e51a0}: 'int java.lang.invoke.DirectMethodHandle$Holder.invokeSpecial(java.lang.Object, java.lang.Object, java.lang.Object)'> (0x00000000ec0e51a0) 
thrown [s\src\hotspot\share\interpreter\linkResolver.cpp, line 759]
Event: 8.040 Thread 0x000001733d7183f0 Exception <a 'java/lang/NoSuchMethodError'{0x00000000ec0f5790}: 'int java.lang.invoke.DirectMethodHandle$Holder.invokeStatic(java.lang.Object, java.lang.Object, int)'> (0x00000000ec0f5790) 
thrown [s\src\hotspot\share\interpreter\linkResolver.cpp, line 759]
Event: 8.041 Thread 0x000001733d7183f0 Exception <a 'java/lang/NoSuchMethodError'{0x00000000ec0f97b8}: 'int java.lang.invoke.DirectMethodHandle$Holder.invokeSpecial(java.lang.Object, java.lang.Object, java.lang.Object, int)'> (0x00000000ec0f97b8) 
thrown [s\src\hotspot\share\interpreter\linkResolver.cpp, line 759]
Event: 8.044 Thread 0x000001733d7183f0 Exception <a 'java/lang/NoSuchMethodError'{0x00000000ec114488}: 'java.lang.Object java.lang.invoke.DirectMethodHandle$Holder.invokeStatic(java.lang.Object, java.lang.Object, java.lang.Object, java.lang.Object, int)'> (0x00000000ec114488) 
thrown [s\src\hotspot\share\interpreter\linkResolver.cpp, line 759]
Event: 8.047 Thread 0x000001733d7183f0 Exception <a 'java/lang/NoSuchMethodError'{0x00000000ec120480}: 'java.lang.Object java.lang.invoke.DelegatingMethodHandle$Holder.reinvoke_L(java.lang.Object, java.lang.Object, java.lang.Object, java.lang.Object, int, int)'> (0x00000000ec120480) 
thrown [s\src\hotspot\share\interpreter\linkResolver.cpp, line 759]
Event: 8.062 Thread 0x000001733d7183f0 Exception <a 'java/lang/NoSuchMethodError'{0x00000000ec138240}: 'java.lang.Object java.lang.invoke.Invokers$Holder.invokeExact_MT(java.lang.Object, java.lang.Object, java.lang.Object, java.lang.Object)'> (0x00000000ec138240) 
thrown [s\src\hotspot\share\interpreter\linkResolver.cpp, line 759]

VM Operations (20 events):
Event: 5.328 Executing VM operation: Cleanup
Event: 5.328 Executing VM operation: Cleanup done
Event: 6.338 Executing VM operation: Cleanup
Event: 6.369 Executing VM operation: Cleanup done
Event: 6.472 Executing VM operation: HandshakeAllThreads
Event: 6.472 Executing VM operation: HandshakeAllThreads done
Event: 6.694 Executing VM operation: ParallelGCFailedAllocation
Event: 6.703 Executing VM operation: ParallelGCFailedAllocation done
Event: 7.627 Executing VM operation: HandshakeAllThreads
Event: 7.627 Executing VM operation: HandshakeAllThreads done
Event: 7.731 Executing VM operation: HandshakeAllThreads
Event: 7.731 Executing VM operation: HandshakeAllThreads done
Event: 7.731 Executing VM operation: Cleanup
Event: 7.731 Executing VM operation: Cleanup done
Event: 7.736 Executing VM operation: HandshakeAllThreads
Event: 7.736 Executing VM operation: HandshakeAllThreads done
Event: 8.033 Executing VM operation: HandshakeAllThreads
Event: 8.033 Executing VM operation: HandshakeAllThreads done
Event: 8.453 Executing VM operation: ParallelGCFailedAllocation
Event: 8.464 Executing VM operation: ParallelGCFailedAllocation done

Events (20 events):
Event: 8.452 loading class java/util/stream/Node$OfInt done
Event: 8.452 loading class java/util/stream/Nodes$EmptyNode$OfInt done
Event: 8.452 loading class java/util/stream/Nodes$EmptyNode$OfLong
Event: 8.452 loading class java/util/stream/Node$OfLong
Event: 8.452 loading class java/util/stream/Node$OfLong done
Event: 8.453 loading class java/util/stream/Nodes$EmptyNode$OfLong done
Event: 8.453 loading class java/util/stream/Nodes$EmptyNode$OfDouble
Event: 8.453 loading class java/util/stream/Node$OfDouble
Event: 8.453 loading class java/util/stream/Node$OfDouble done
Event: 8.453 loading class java/util/stream/Nodes$EmptyNode$OfDouble done
Event: 8.453 loading class java/util/stream/Nodes$SpinedNodeBuilder
Event: 8.465 loading class java/util/stream/Node$Builder
Event: 8.465 loading class java/util/stream/Node$Builder done
Event: 8.465 loading class java/util/stream/Nodes$SpinedNodeBuilder done
Event: 8.465 loading class java/util/stream/SortedOps$RefSortingSink
Event: 8.465 loading class java/util/stream/SortedOps$AbstractRefSortingSink
Event: 8.465 loading class java/util/stream/SortedOps$AbstractRefSortingSink done
Event: 8.465 loading class java/util/stream/SortedOps$RefSortingSink done
Event: 8.592 loading class java/util/concurrent/ExecutionException
Event: 8.592 loading class java/util/concurrent/ExecutionException done


Dynamic libraries:
0x00007ff6b3a70000 - 0x00007ff6b3a7e000 	c:\Users\WINDOWS 10\.vscode\extensions\redhat.java-1.12.0-win32-x64\jre\17.0.4.1-win32-x86_64\bin\java.exe
0x00007ffa5a950000 - 0x00007ffa5ab48000 	C:\Windows\SYSTEM32\ntdll.dll
0x00007ffa59610000 - 0x00007ffa596cf000 	C:\Windows\System32\KERNEL32.DLL
0x00007ffa58050000 - 0x00007ffa58322000 	C:\Windows\System32\KERNELBASE.dll
0x00007ffa583f0000 - 0x00007ffa584f0000 	C:\Windows\System32\ucrtbase.dll
0x00007ffa4bb60000 - 0x00007ffa4bb78000 	c:\Users\WINDOWS 10\.vscode\extensions\redhat.java-1.12.0-win32-x64\jre\17.0.4.1-win32-x86_64\bin\jli.dll
0x00007ffa59000000 - 0x00007ffa5919d000 	C:\Windows\System32\USER32.dll
0x00007ffa586f0000 - 0x00007ffa58712000 	C:\Windows\System32\win32u.dll
0x00007ffa59500000 - 0x00007ffa5952b000 	C:\Windows\System32\GDI32.dll
0x00007ffa58890000 - 0x00007ffa5899f000 	C:\Windows\System32\gdi32full.dll
0x00007ffa58650000 - 0x00007ffa586ed000 	C:\Windows\System32\msvcp_win.dll
0x00007ffa46c10000 - 0x00007ffa46c29000 	c:\Users\WINDOWS 10\.vscode\extensions\redhat.java-1.12.0-win32-x64\jre\17.0.4.1-win32-x86_64\bin\VCRUNTIME140.dll
0x00007ffa49aa0000 - 0x00007ffa49d3a000 	C:\Windows\WinSxS\amd64_microsoft.windows.common-controls_6595b64144ccf1df_6.0.19041.1110_none_60b5254171f9507e\COMCTL32.dll
0x00007ffa59460000 - 0x00007ffa594fe000 	C:\Windows\System32\msvcrt.dll
0x00007ffa58e10000 - 0x00007ffa58e42000 	C:\Windows\System32\IMM32.DLL
0x00007ffa53330000 - 0x00007ffa5333c000 	c:\Users\WINDOWS 10\.vscode\extensions\redhat.java-1.12.0-win32-x64\jre\17.0.4.1-win32-x86_64\bin\vcruntime140_1.dll
0x00007ffa20020000 - 0x00007ffa200b1000 	c:\Users\WINDOWS 10\.vscode\extensions\redhat.java-1.12.0-win32-x64\jre\17.0.4.1-win32-x86_64\bin\msvcp140.dll
0x00007ffa174b0000 - 0x00007ffa180f6000 	c:\Users\WINDOWS 10\.vscode\extensions\redhat.java-1.12.0-win32-x64\jre\17.0.4.1-win32-x86_64\bin\server\jvm.dll
0x00007ffa5a7d0000 - 0x00007ffa5a87e000 	C:\Windows\System32\ADVAPI32.dll
0x00007ffa591a0000 - 0x00007ffa5923c000 	C:\Windows\System32\sechost.dll
0x00007ffa59e20000 - 0x00007ffa59f45000 	C:\Windows\System32\RPCRT4.dll
0x00007ffa59240000 - 0x00007ffa59248000 	C:\Windows\System32\PSAPI.DLL
0x00007ffa53310000 - 0x00007ffa53319000 	C:\Windows\SYSTEM32\WSOCK32.dll
0x00007ffa593f0000 - 0x00007ffa5945b000 	C:\Windows\System32\WS2_32.dll
0x00007ffa49de0000 - 0x00007ffa49e07000 	C:\Windows\SYSTEM32\WINMM.dll
0x00007ffa4bfe0000 - 0x00007ffa4bfea000 	C:\Windows\SYSTEM32\VERSION.dll
0x00007ffa55f30000 - 0x00007ffa55f42000 	C:\Windows\SYSTEM32\kernel.appcore.dll
0x00007ffa4bab0000 - 0x00007ffa4baba000 	c:\Users\WINDOWS 10\.vscode\extensions\redhat.java-1.12.0-win32-x64\jre\17.0.4.1-win32-x86_64\bin\jimage.dll
0x00007ffa4a820000 - 0x00007ffa4aa04000 	C:\Windows\SYSTEM32\DBGHELP.DLL
0x00007ffa4a500000 - 0x00007ffa4a52c000 	C:\Windows\SYSTEM32\dbgcore.DLL
0x00007ffa587d0000 - 0x00007ffa58852000 	C:\Windows\System32\bcryptPrimitives.dll
0x00007ffa4b460000 - 0x00007ffa4b46e000 	c:\Users\WINDOWS 10\.vscode\extensions\redhat.java-1.12.0-win32-x64\jre\17.0.4.1-win32-x86_64\bin\instrument.dll
0x00007ffa44490000 - 0x00007ffa444b5000 	c:\Users\WINDOWS 10\.vscode\extensions\redhat.java-1.12.0-win32-x64\jre\17.0.4.1-win32-x86_64\bin\java.dll
0x00007ffa448b0000 - 0x00007ffa448c8000 	c:\Users\WINDOWS 10\.vscode\extensions\redhat.java-1.12.0-win32-x64\jre\17.0.4.1-win32-x86_64\bin\zip.dll
0x00007ffa596d0000 - 0x00007ffa59e13000 	C:\Windows\System32\SHELL32.dll
0x00007ffa56130000 - 0x00007ffa568c2000 	C:\Windows\SYSTEM32\windows.storage.dll
0x00007ffa5a070000 - 0x00007ffa5a3c4000 	C:\Windows\System32\combase.dll
0x00007ffa579d0000 - 0x00007ffa57a00000 	C:\Windows\SYSTEM32\Wldp.dll
0x00007ffa5a4c0000 - 0x00007ffa5a56d000 	C:\Windows\System32\SHCORE.dll
0x00007ffa5a3d0000 - 0x00007ffa5a425000 	C:\Windows\System32\shlwapi.dll
0x00007ffa57f90000 - 0x00007ffa57faf000 	C:\Windows\SYSTEM32\profapi.dll
0x00007ffa44470000 - 0x00007ffa44489000 	C:\Users\WINDOWS 10\.vscode\extensions\redhat.java-1.12.0-win32-x64\jre\17.0.4.1-win32-x86_64\bin\net.dll
0x00007ffa512a0000 - 0x00007ffa513ac000 	C:\Windows\SYSTEM32\WINHTTP.dll
0x00007ffa57730000 - 0x00007ffa5779a000 	C:\Windows\system32\mswsock.dll
0x00007ffa442f0000 - 0x00007ffa44305000 	C:\Users\WINDOWS 10\.vscode\extensions\redhat.java-1.12.0-win32-x64\jre\17.0.4.1-win32-x86_64\bin\nio.dll
0x00007ffa4aea0000 - 0x00007ffa4aeb0000 	c:\Users\WINDOWS 10\.vscode\extensions\redhat.java-1.12.0-win32-x64\jre\17.0.4.1-win32-x86_64\bin\verify.dll
0x00007ffa3caf0000 - 0x00007ffa3cb2e000 	C:\Users\WINDOWS 10\AppData\Roaming\Code\User\globalStorage\redhat.java\1.12.0\config_win\org.eclipse.equinox.launcher\org.eclipse.equinox.launcher.win32.win32.x86_64_1.2.600.v20220720-1916\eclipse_11700.dll
0x00007ffa5a570000 - 0x00007ffa5a69a000 	C:\Windows\System32\ole32.dll

dbghelp: loaded successfully - version: 4.0.5 - missing functions: none
symbol engine: initialized successfully - sym options: 0x614 - pdb path: .;c:\Users\WINDOWS 10\.vscode\extensions\redhat.java-1.12.0-win32-x64\jre\17.0.4.1-win32-x86_64\bin;C:\Windows\SYSTEM32;C:\Windows\WinSxS\amd64_microsoft.windows.common-controls_6595b64144ccf1df_6.0.19041.1110_none_60b5254171f9507e;c:\Users\WINDOWS 10\.vscode\extensions\redhat.java-1.12.0-win32-x64\jre\17.0.4.1-win32-x86_64\bin\server;C:\Users\WINDOWS 10\AppData\Roaming\Code\User\globalStorage\redhat.java\1.12.0\config_win\org.eclipse.equinox.launcher\org.eclipse.equinox.launcher.win32.win32.x86_64_1.2.600.v20220720-1916

VM Arguments:
jvm_args: --add-modules=ALL-SYSTEM --add-opens=java.base/java.util=ALL-UNNAMED --add-opens=java.base/java.lang=ALL-UNNAMED --add-opens=java.base/sun.nio.fs=ALL-UNNAMED -Declipse.application=org.eclipse.jdt.ls.core.id1 -Dosgi.bundles.defaultStartLevel=4 -Declipse.product=org.eclipse.jdt.ls.core.product -Djava.import.generatesMetadataFilesAtProjectRoot=false -Dfile.encoding=utf8 -XX:+UseParallelGC -XX:GCTimeRatio=4 -XX:AdaptiveSizePolicyWeight=90 -Dsun.zip.disableMemoryMapping=true -Xmx1G -Xms100m -Xlog:disable -javaagent:c:\Users\WINDOWS 10\.vscode\extensions\redhat.java-1.12.0-win32-x64\lombok\lombok-1.18.24.jar -XX:+HeapDumpOnOutOfMemoryError -XX:HeapDumpPath=c:\Users\WINDOWS 10\AppData\Roaming\Code\User\workspaceStorage\6dc8f0c997d0f2d9e8ceb7b8c25e560c\redhat.java 
java_command: c:\Users\WINDOWS 10\.vscode\extensions\redhat.java-1.12.0-win32-x64\server\plugins\org.eclipse.equinox.launcher_1.6.400.v20210924-0641.jar -configuration c:\Users\WINDOWS 10\AppData\Roaming\Code\User\globalStorage\redhat.java\1.12.0\config_win -data c:\Users\WINDOWS 10\AppData\Roaming\Code\User\workspaceStorage\6dc8f0c997d0f2d9e8ceb7b8c25e560c\redhat.java\jdt_ws
java_class_path (initial): c:\Users\WINDOWS 10\.vscode\extensions\redhat.java-1.12.0-win32-x64\server\plugins\org.eclipse.equinox.launcher_1.6.400.v20210924-0641.jar
Launcher Type: SUN_STANDARD

[Global flags]
    uintx AdaptiveSizePolicyWeight                 = 90                                        {product} {command line}
     intx CICompilerCount                          = 3                                         {product} {ergonomic}
    uintx GCTimeRatio                              = 4                                         {product} {command line}
     bool HeapDumpOnOutOfMemoryError               = true                                   {manageable} {command line}
    ccstr HeapDumpPath                             = c:\Users\WINDOWS 10\AppData\Roaming\Code\User\workspaceStorage\6dc8f0c997d0f2d9e8ceb7b8c25e560c\redhat.java         {manageable} {command line}
   size_t InitialHeapSize                          = 104857600                                 {product} {command line}
   size_t MaxHeapSize                              = 1073741824                                {product} {command line}
   size_t MaxNewSize                               = 357564416                                 {product} {ergonomic}
   size_t MinHeapDeltaBytes                        = 524288                                    {product} {ergonomic}
   size_t MinHeapSize                              = 104857600                                 {product} {command line}
   size_t NewSize                                  = 34603008                                  {product} {ergonomic}
    uintx NonNMethodCodeHeapSize                   = 5832780                                {pd product} {ergonomic}
    uintx NonProfiledCodeHeapSize                  = 122912730                              {pd product} {ergonomic}
   size_t OldSize                                  = 70254592                                  {product} {ergonomic}
    uintx ProfiledCodeHeapSize                     = 122912730                              {pd product} {ergonomic}
    uintx ReservedCodeCacheSize                    = 251658240                              {pd product} {ergonomic}
     bool SegmentedCodeCache                       = true                                      {product} {ergonomic}
   size_t SoftMaxHeapSize                          = 1073741824                             {manageable} {ergonomic}
     bool UseCompressedClassPointers               = true                           {product lp64_product} {ergonomic}
     bool UseCompressedOops                        = true                           {product lp64_product} {ergonomic}
     bool UseLargePagesIndividualAllocation        = false                                  {pd product} {ergonomic}
     bool UseParallelGC                            = true                                      {product} {command line}

Logging:
Log output configuration:
 #0: stdout all=off uptime,level,tags
 #1: stderr all=off uptime,level,tags

Environment Variables:
JAVA_HOME=C:\Program Files\Java\zulu17.38.21-ca-jdk17.0.5-win_x64
PATH=C:\Program Files\Java\zulu17.38.21-ca-jdk17.0.5-win_x64\bin;C:\Program Files\Common Files\Oracle\Java\javapath;C:\ProgramData\Oracle\Java\javapath;C:\Program Files (x86)\Common Files\Oracle\Java\javapath;C:\Windows\system32;C:\Windows;C:\Windows\System32\Wbem;C:\Windows\System32\WindowsPowerShell\v1.0\;C:\Windows\System32\OpenSSH\;C:\Program Files\Git\cmd;C:\Program Files\Java\jdk-11.0.14\bin;C:\Work\Apps\apache-maven-3.8.5\bin;C:\Work\Apps\gradle-7.4.2\bin;C:\Work\Apps\Android\android-sdk\platform-tools;C:\Work\Apps\Android\android-sdk\tools;C:\Work\Apps\nvm;C:\Work\Apps\nodejs;C:\Program Files\MySQL\MySQL Shell 8.0\bin\;C:\Users\WINDOWS 10\AppData\Local\Microsoft\WindowsApps;C:\Work\Apps\nvm;C:\Work\Apps\nodejs;C:\Users\WINDOWS 10\AppData\Local\Programs\Microsoft VS Code\bin;C:\Program Files\heroku\bin
USERNAME=WINDOWS 10
OS=Windows_NT
PROCESSOR_IDENTIFIER=Intel64 Family 6 Model 42 Stepping 7, GenuineIntel
TMP=C:\Users\WINDOW~1\AppData\Local\Temp
TEMP=C:\Users\WINDOW~1\AppData\Local\Temp



---------------  S Y S T E M  ---------------

OS:
 Windows 10 , 64 bit Build 19041 (10.0.19041.2251)
OS uptime: 0 days 8:20 hours

CPU: total 4 (initial active 4) (2 cores per cpu, 2 threads per core) family 6 model 42 stepping 7 microcode 0x2f, cx8, cmov, fxsr, ht, mmx, sse, sse2, sse3, ssse3, sse4.1, sse4.2, popcnt, tsc, tscinvbit, avx, clmul, vzeroupper, clflush

Memory: 4k page, system-wide physical 1942M (285M free)
TotalPageFile size 7830M (AvailPageFile size 0M)
current process WorkingSet (physical memory assigned to process): 95M, peak: 95M
current process commit charge ("private bytes"): 199M, peak: 200M

vm_info: OpenJDK 64-Bit Server VM (17.0.4.1+1) for windows-amd64 JRE (17.0.4.1+1), built on Aug 17 2022 07:42:43 by "temurin" with MS VC++ 16.7 (VS2019)

END.
